#
# A fatal error has been detected by the Java Runtime Environment:
#
#  SIGSEGV (0xb) at pc=0x00007f5fdc560b97, pid=17952, tid=0x00007f5fddeba700
#
# JRE version: OpenJDK Runtime Environment (8.0_265-b01) (build 1.8.0_265-8u265-b01-0ubuntu2~20.04-b01)
# Java VM: OpenJDK 64-Bit Server VM (25.265-b01 mixed mode linux-amd64 compressed oops)
# Problematic frame:
# C  [libtesseract.so.4.0.1+0xb4b97]  tesseract::Tesseract::recog_all_words(PAGE_RES*, ETEXT_DESC*, TBOX const*, char const*, int)+0x337
#
# Failed to write core dump. Core dumps have been disabled. To enable core dumping, try "ulimit -c unlimited" before starting Java again
#
# If you would like to submit a bug report, please visit:
#   http://bugreport.java.com/bugreport/crash.jsp
# The crash happened outside the Java Virtual Machine in native code.
# See problematic frame for where to report the bug.
#

---------------  T H R E A D  ---------------

Current thread (0x00007f5ff4619800):  JavaThread "Test worker" [_thread_in_native, id=17972, stack(0x00007f5fdddba000,0x00007f5fddebb000)]

siginfo: si_signo: 11 (SIGSEGV), si_code: 1 (SEGV_MAPERR), si_addr: 0x000000000000000c

Registers:
RAX=0x0000000000000000, RBX=0x00007f5fac3d8700, RCX=0x00007f5fac3fa088, RDX=0x0000000000000000
RSP=0x00007f5fddeb5a90, RBP=0x00007f5fddeb5ae0, RSI=0x0000000000000001, RDI=0x00007f5fddeb5b30
R8 =0x0000000000000000, R9 =0x0000000000000000, R10=0x00007f5fac0008d0, R11=0x00007f5fac000080
R12=0x00007f5fac42fb20, R13=0x0000000000000000, R14=0x0000000000000000, R15=0x0000000000000001
RIP=0x00007f5fdc560b97, EFLAGS=0x0000000000010246, CSGSFS=0x002b000000000033, ERR=0x0000000000000004
  TRAPNO=0x000000000000000e

Top of Stack: (sp=0x00007f5fddeb5a90)
0x00007f5fddeb5a90:   0000000000000000 0000000000000000
0x00007f5fddeb5aa0:   4038000000000081 4040400000000000
0x00007f5fddeb5ab0:   0019008100010003 0019008100010003
0x00007f5fddeb5ac0:   00007f5fac3d2878 00007f5fac40f5c0
0x00007f5fddeb5ad0:   00007f5fac40f5c0 00007f5fac40f5c0
0x00007f5fddeb5ae0:   00007f5fac42fb20 0000000000000000
0x00007f5fddeb5af0:   0000000000000000 0000000000000000
0x00007f5fddeb5b00:   00007f5fac2d3aa0 00007f5fac432280
0x00007f5fddeb5b10:   00007f5fac410a80 0000000000000000
0x00007f5fddeb5b20:   0000000000000000 0000000000000000
0x00007f5fddeb5b30:   00007f5fac42fb28 00007f5fac410a80
0x00007f5fddeb5b40:   00007f5fac410a80 00007f5fac410a80
0x00007f5fddeb5b50:   00007f5fac410a80 00007f5fac010000
0x00007f5fddeb5b60:   00007f5fac410aa8 00007f5fac432280
0x00007f5fddeb5b70:   00007f5fac432280 00007f5fac432280
0x00007f5fddeb5b80:   00007f5fac432280 00007f5fac010000
0x00007f5fddeb5b90:   00007f5fac4322a0 00007f5fac40ad50
0x00007f5fddeb5ba0:   00007f5fac2d3aa0 00007f5fac40ad50
0x00007f5fddeb5bb0:   00007f5fac2d3aa0 00007f5fdc010000
0x00007f5fddeb5bc0:   00007f5fac4322a0 00007f5fac40ad50
0x00007f5fddeb5bd0:   00007f5fac2d3aa0 00007f5fac40ad50
0x00007f5fddeb5be0:   00007f5fac2d3aa0 00007f5fac000000
0x00007f5fddeb5bf0:   00007f5fac4322a0 00007f5fac40ad50
0x00007f5fddeb5c00:   00007f5fac2d3aa0 00007f5fac40ad50
0x00007f5fddeb5c10:   00007f5fac2d3aa0 00007f5fdc000000
0x00007f5fddeb5c20:   0000000000000000 aad31e7aaeabb200
0x00007f5fddeb5c30:   00007f5fddeb5c60 00007f5fac3d3290
0x00007f5fddeb5c40:   00007f5fddeb5cd0 0000000000000000
0x00007f5fddeb5c50:   00007f5fac42fb20 0000000000000000
0x00007f5fddeb5c60:   0000000000000001 00007f5fdc5439e8
0x00007f5fddeb5c70:   00007f5fac3d3290 00007f5fddeb5b60
0x00007f5fddeb5c80:   00007f5fac3d8700 00007f5fac3d3290 

Instructions: (pc=0x00007f5fdc560b97)
0x00007f5fdc560b77:   00 31 f6 48 89 ef e8 be f6 17 00 8b 83 08 14 00
0x00007f5fdc560b87:   00 85 c0 0f 8f c8 01 00 00 48 8b 83 b0 09 00 00
0x00007f5fdc560b97:   80 78 0c 00 0f 85 e8 02 00 00 8b 83 d8 44 02 00
0x00007f5fdc560ba7:   45 31 ff 85 c0 7f 20 eb 47 48 8b 87 b0 09 00 00 

Register to memory mapping:

RAX=0x0000000000000000 is an unknown value
RBX=0x00007f5fac3d8700 is an unknown value
RCX=0x00007f5fac3fa088 is an unknown value
RDX=0x0000000000000000 is an unknown value
RSP=0x00007f5fddeb5a90 is pointing into the stack for thread: 0x00007f5ff4619800
RBP=0x00007f5fddeb5ae0 is pointing into the stack for thread: 0x00007f5ff4619800
RSI=0x0000000000000001 is an unknown value
RDI=0x00007f5fddeb5b30 is pointing into the stack for thread: 0x00007f5ff4619800
R8 =0x0000000000000000 is an unknown value
R9 =0x0000000000000000 is an unknown value
R10=0x00007f5fac0008d0 is an unknown value
R11=0x00007f5fac000080 is an unknown value
R12=0x00007f5fac42fb20 is an unknown value
R13=0x0000000000000000 is an unknown value
R14=0x0000000000000000 is an unknown value
R15=0x0000000000000001 is an unknown value


Stack: [0x00007f5fdddba000,0x00007f5fddebb000],  sp=0x00007f5fddeb5a90,  free space=1006k
Native frames: (J=compiled Java code, j=interpreted, Vv=VM code, C=native code)
C  [libtesseract.so.4.0.1+0xb4b97]  tesseract::Tesseract::recog_all_words(PAGE_RES*, ETEXT_DESC*, TBOX const*, char const*, int)+0x337
C  0x0000000000000000

Java frames: (J=compiled Java code, j=interpreted, Vv=VM code)
j  com.sun.jna.Native.invokePointer(Lcom/sun/jna/Function;JI[Ljava/lang/Object;)J+0
j  com.sun.jna.Function.invokePointer(I[Ljava/lang/Object;)Lcom/sun/jna/Pointer;+7
j  com.sun.jna.Function.invoke([Ljava/lang/Object;Ljava/lang/Class;ZI)Ljava/lang/Object;+385
j  com.sun.jna.Function.invoke(Ljava/lang/reflect/Method;[Ljava/lang/Class;Ljava/lang/Class;[Ljava/lang/Object;Ljava/util/Map;)Ljava/lang/Object;+271
j  com.sun.jna.Library$Handler.invoke(Ljava/lang/Object;Ljava/lang/reflect/Method;[Ljava/lang/Object;)Ljava/lang/Object;+390
j  com.sun.proxy.$Proxy14.TessBaseAPIGetUTF8Text(Lnet/sourceforge/tess4j/ITessAPI$TessBaseAPI;)Lcom/sun/jna/Pointer;+16
j  net.sourceforge.tess4j.Tesseract.getOCRText(Ljava/lang/String;I)Ljava/lang/String;+269
j  net.sourceforge.tess4j.Tesseract.doOCR(Ljava/util/List;Ljava/lang/String;Ljava/awt/Rectangle;)Ljava/lang/String;+69
j  net.sourceforge.tess4j.Tesseract.doOCR(Ljava/util/List;Ljava/awt/Rectangle;)Ljava/lang/String;+4
j  net.sourceforge.tess4j.Tesseract.doOCR(Ljava/awt/image/BufferedImage;Ljava/awt/Rectangle;)Ljava/lang/String;+6
j  net.sourceforge.tess4j.Tesseract.doOCR(Ljava/awt/image/BufferedImage;)Ljava/lang/String;+3
j  net.sourceforge.tess4j.ITesseract$doOCR$0.call(Ljava/lang/Object;[Ljava/lang/Object;)Ljava/lang/Object;+19
j  org.codehaus.groovy.runtime.callsite.CallSiteArray.defaultCall(Lorg/codehaus/groovy/runtime/callsite/CallSite;Ljava/lang/Object;[Ljava/lang/Object;)Ljava/lang/Object;+8
j  org.codehaus.groovy.runtime.callsite.AbstractCallSite.call(Ljava/lang/Object;[Ljava/lang/Object;)Ljava/lang/Object;+3
j  org.codehaus.groovy.runtime.callsite.AbstractCallSite.call(Ljava/lang/Object;Ljava/lang/Object;)Ljava/lang/Object;+6
j  CaptchaUtils.extractTextFromImage([BLjava/awt/Color;)Ljava/lang/String;+165
j  CaptchaUtils$extractTextFromImage.call(Ljava/lang/Object;[Ljava/lang/Object;)Ljava/lang/Object;+21
j  org.codehaus.groovy.runtime.callsite.CallSiteArray.defaultCall(Lorg/codehaus/groovy/runtime/callsite/CallSite;Ljava/lang/Object;[Ljava/lang/Object;)Ljava/lang/Object;+8
j  org.codehaus.groovy.runtime.callsite.AbstractCallSite.call(Ljava/lang/Object;[Ljava/lang/Object;)Ljava/lang/Object;+3
j  org.codehaus.groovy.runtime.callsite.AbstractCallSite.call(Ljava/lang/Object;Ljava/lang/Object;Ljava/lang/Object;)Ljava/lang/Object;+7
j  CaptchaUtilsSpec.$spock_feature_0_0()V+183
v  ~StubRoutines::call_stub
j  sun.reflect.NativeMethodAccessorImpl.invoke0(Ljava/lang/reflect/Method;Ljava/lang/Object;[Ljava/lang/Object;)Ljava/lang/Object;+0
j  sun.reflect.NativeMethodAccessorImpl.invoke(Ljava/lang/Object;[Ljava/lang/Object;)Ljava/lang/Object;+100
j  sun.reflect.DelegatingMethodAccessorImpl.invoke(Ljava/lang/Object;[Ljava/lang/Object;)Ljava/lang/Object;+6
j  java.lang.reflect.Method.invoke(Ljava/lang/Object;[Ljava/lang/Object;)Ljava/lang/Object;+56
j  org.spockframework.util.ReflectionUtil.invokeMethod(Ljava/lang/Object;Ljava/lang/reflect/Method;[Ljava/lang/Object;)Ljava/lang/Object;+8
j  org.spockframework.runtime.model.MethodInfo.invoke(Ljava/lang/Object;[Ljava/lang/Object;)Ljava/lang/Object;+9
j  org.spockframework.runtime.BaseSpecRunner.invokeRaw(Ljava/lang/Object;Lorg/spockframework/runtime/model/MethodInfo;[Ljava/lang/Object;)Ljava/lang/Object;+3
j  org.spockframework.runtime.BaseSpecRunner.invoke(Ljava/lang/Object;Lorg/spockframework/runtime/model/MethodInfo;[Ljava/lang/Object;)V+28
j  org.spockframework.runtime.BaseSpecRunner.runFeatureMethod()V+27
j  org.spockframework.runtime.BaseSpecRunner.doRunIteration()V+5
j  org.spockframework.runtime.BaseSpecRunner$6.invoke(Ljava/lang/Object;[Ljava/lang/Object;)Ljava/lang/Object;+4
j  org.spockframework.runtime.BaseSpecRunner.invokeRaw(Ljava/lang/Object;Lorg/spockframework/runtime/model/MethodInfo;[Ljava/lang/Object;)Ljava/lang/Object;+3
j  org.spockframework.runtime.BaseSpecRunner.invoke(Ljava/lang/Object;Lorg/spockframework/runtime/model/MethodInfo;[Ljava/lang/Object;)V+28
j  org.spockframework.runtime.BaseSpecRunner.runIteration([Ljava/lang/Object;I)V+52
j  org.spockframework.runtime.BaseSpecRunner.initializeAndRunIteration([Ljava/lang/Object;I)V+20
j  org.spockframework.runtime.BaseSpecRunner.runSimpleFeature()V+13
j  org.spockframework.runtime.BaseSpecRunner.doRunFeature()V+39
j  org.spockframework.runtime.BaseSpecRunner$5.invoke(Ljava/lang/Object;[Ljava/lang/Object;)Ljava/lang/Object;+4
j  org.spockframework.runtime.BaseSpecRunner.invokeRaw(Ljava/lang/Object;Lorg/spockframework/runtime/model/MethodInfo;[Ljava/lang/Object;)Ljava/lang/Object;+3
j  org.spockframework.runtime.BaseSpecRunner.invoke(Ljava/lang/Object;Lorg/spockframework/runtime/model/MethodInfo;[Ljava/lang/Object;)V+28
j  org.spockframework.runtime.BaseSpecRunner.runFeature()V+66
j  org.spockframework.runtime.BaseSpecRunner.runFeatures()V+48
j  org.spockframework.runtime.BaseSpecRunner.doRunSpec()V+5
j  org.spockframework.runtime.BaseSpecRunner$1.invoke(Ljava/lang/Object;[Ljava/lang/Object;)Ljava/lang/Object;+4
j  org.spockframework.runtime.BaseSpecRunner.invokeRaw(Ljava/lang/Object;Lorg/spockframework/runtime/model/MethodInfo;[Ljava/lang/Object;)Ljava/lang/Object;+3
j  org.spockframework.runtime.BaseSpecRunner.invoke(Ljava/lang/Object;Lorg/spockframework/runtime/model/MethodInfo;[Ljava/lang/Object;)V+28
j  org.spockframework.runtime.BaseSpecRunner.runSpec()V+31
j  org.spockframework.runtime.BaseSpecRunner.run()I+45
j  org.spockframework.runtime.Sputnik.run(Lorg/junit/runner/notification/RunNotifier;)V+19
j  org.gradle.api.internal.tasks.testing.junit.JUnitTestClassExecutor.runTestClass(Ljava/lang/String;)V+296
j  org.gradle.api.internal.tasks.testing.junit.JUnitTestClassExecutor.execute(Ljava/lang/String;)V+14
j  org.gradle.api.internal.tasks.testing.junit.JUnitTestClassExecutor.execute(Ljava/lang/Object;)V+5
j  org.gradle.api.internal.tasks.testing.junit.AbstractJUnitTestClassProcessor.processTestClass(Lorg/gradle/api/internal/tasks/testing/TestClassRunInfo;)V+26
j  org.gradle.api.internal.tasks.testing.SuiteTestClassProcessor.processTestClass(Lorg/gradle/api/internal/tasks/testing/TestClassRunInfo;)V+5
v  ~StubRoutines::call_stub
j  sun.reflect.NativeMethodAccessorImpl.invoke0(Ljava/lang/reflect/Method;Ljava/lang/Object;[Ljava/lang/Object;)Ljava/lang/Object;+0
j  sun.reflect.NativeMethodAccessorImpl.invoke(Ljava/lang/Object;[Ljava/lang/Object;)Ljava/lang/Object;+100
j  sun.reflect.DelegatingMethodAccessorImpl.invoke(Ljava/lang/Object;[Ljava/lang/Object;)Ljava/lang/Object;+6
j  java.lang.reflect.Method.invoke(Ljava/lang/Object;[Ljava/lang/Object;)Ljava/lang/Object;+56
j  org.gradle.internal.dispatch.ReflectionDispatch.dispatch(Lorg/gradle/internal/dispatch/MethodInvocation;)V+19
j  org.gradle.internal.dispatch.ReflectionDispatch.dispatch(Ljava/lang/Object;)V+5
j  org.gradle.internal.dispatch.ContextClassLoaderDispatch.dispatch(Ljava/lang/Object;)V+22
j  org.gradle.internal.dispatch.ProxyDispatchAdapter$DispatchingInvocationHandler.invoke(Ljava/lang/Object;Ljava/lang/reflect/Method;[Ljava/lang/Object;)Ljava/lang/Object;+177
j  com.sun.proxy.$Proxy2.processTestClass(Lorg/gradle/api/internal/tasks/testing/TestClassRunInfo;)V+16
j  org.gradle.api.internal.tasks.testing.worker.TestWorker.processTestClass(Lorg/gradle/api/internal/tasks/testing/TestClassRunInfo;)V+13
v  ~StubRoutines::call_stub
j  sun.reflect.NativeMethodAccessorImpl.invoke0(Ljava/lang/reflect/Method;Ljava/lang/Object;[Ljava/lang/Object;)Ljava/lang/Object;+0
j  sun.reflect.NativeMethodAccessorImpl.invoke(Ljava/lang/Object;[Ljava/lang/Object;)Ljava/lang/Object;+100
j  sun.reflect.DelegatingMethodAccessorImpl.invoke(Ljava/lang/Object;[Ljava/lang/Object;)Ljava/lang/Object;+6
j  java.lang.reflect.Method.invoke(Ljava/lang/Object;[Ljava/lang/Object;)Ljava/lang/Object;+56
j  org.gradle.internal.dispatch.ReflectionDispatch.dispatch(Lorg/gradle/internal/dispatch/MethodInvocation;)V+19
j  org.gradle.internal.dispatch.ReflectionDispatch.dispatch(Ljava/lang/Object;)V+5
j  org.gradle.internal.remote.internal.hub.MessageHubBackedObjectConnection$DispatchWrapper.dispatch(Lorg/gradle/internal/dispatch/MethodInvocation;)V+5
j  org.gradle.internal.remote.internal.hub.MessageHubBackedObjectConnection$DispatchWrapper.dispatch(Ljava/lang/Object;)V+5
j  org.gradle.internal.remote.internal.hub.MessageHub$Handler.run()V+174
j  org.gradle.internal.concurrent.ExecutorPolicy$CatchAndRecordFailures.onExecute(Ljava/lang/Runnable;)V+1
j  org.gradle.internal.concurrent.ManagedExecutorImpl$1.run()V+25
j  java.util.concurrent.ThreadPoolExecutor.runWorker(Ljava/util/concurrent/ThreadPoolExecutor$Worker;)V+95
j  java.util.concurrent.ThreadPoolExecutor$Worker.run()V+5
j  org.gradle.internal.concurrent.ThreadFactoryImpl$ManagedThreadRunnable.run()V+7
j  java.lang.Thread.run()V+11
v  ~StubRoutines::call_stub

---------------  P R O C E S S  ---------------

Java Threads: ( => current thread )
  0x00007f5fac3bb800 JavaThread "process reaper" daemon [_thread_blocked, id=17977, stack(0x00007f5fdc7da000,0x00007f5fdc813000)]
  0x00007f5fac25f000 JavaThread "Java2D Disposer" daemon [_thread_blocked, id=17975, stack(0x00007f5fdcd96000,0x00007f5fdce97000)]
  0x00007f5ff4656800 JavaThread "/127.0.0.1:40272 to /127.0.0.1:36899 workers Thread 3" [_thread_in_native, id=17974, stack(0x00007f5fddbb8000,0x00007f5fddcb9000)]
  0x00007f5ff4655000 JavaThread "/127.0.0.1:40272 to /127.0.0.1:36899 workers Thread 2" [_thread_blocked, id=17973, stack(0x00007f5fddcb9000,0x00007f5fdddba000)]
=>0x00007f5ff4619800 JavaThread "Test worker" [_thread_in_native, id=17972, stack(0x00007f5fdddba000,0x00007f5fddebb000)]
  0x00007f5ff4179800 JavaThread "Service Thread" daemon [_thread_blocked, id=17966, stack(0x00007f5fde184000,0x00007f5fde285000)]
  0x00007f5ff415c800 JavaThread "C1 CompilerThread2" daemon [_thread_blocked, id=17965, stack(0x00007f5fde286000,0x00007f5fde386000)]
  0x00007f5ff415a000 JavaThread "C2 CompilerThread1" daemon [_thread_blocked, id=17964, stack(0x00007f5fde387000,0x00007f5fde487000)]
  0x00007f5ff4158800 JavaThread "C2 CompilerThread0" daemon [_thread_blocked, id=17963, stack(0x00007f5fde488000,0x00007f5fde588000)]
  0x00007f5ff4156000 JavaThread "Signal Dispatcher" daemon [_thread_blocked, id=17962, stack(0x00007f5fde588000,0x00007f5fde689000)]
  0x00007f5ff4086000 JavaThread "Finalizer" daemon [_thread_blocked, id=17961, stack(0x00007f5fdecba000,0x00007f5fdedbb000)]
  0x00007f5ff4081800 JavaThread "Reference Handler" daemon [_thread_blocked, id=17960, stack(0x00007f5fdedbb000,0x00007f5fdeebc000)]
  0x00007f5ff400a800 JavaThread "main" [_thread_blocked, id=17954, stack(0x00007f5ff9584000,0x00007f5ff9684000)]

Other Threads:
  0x00007f5ff4078000 VMThread [stack: 0x00007f5fdeebd000,0x00007f5fdefbd000] [id=17959]
  0x00007f5ff4184000 WatcherThread [stack: 0x00007f5fde084000,0x00007f5fde184000] [id=17967]

VM state:not at safepoint (normal execution)

VM Mutex/Monitor currently owned by a thread: None

heap address: 0x00000000e0000000, size: 512 MB, Compressed Oops mode: 32-bit
Narrow klass base: 0x0000000000000000, Narrow klass shift: 3
Compressed class space size: 1073741824 Address: 0x0000000100000000

Heap:
 PSYoungGen      total 68608K, used 15659K [0x00000000f5580000, 0x00000000f9d80000, 0x0000000100000000)
  eden space 63488K, 16% used [0x00000000f5580000,0x00000000f5fd2f58,0x00000000f9380000)
  from space 5120K, 99% used [0x00000000f9880000,0x00000000f9d78010,0x00000000f9d80000)
  to   space 5120K, 0% used [0x00000000f9380000,0x00000000f9380000,0x00000000f9880000)
 ParOldGen       total 84992K, used 3043K [0x00000000e0000000, 0x00000000e5300000, 0x00000000f5580000)
  object space 84992K, 3% used [0x00000000e0000000,0x00000000e02f8e48,0x00000000e5300000)
 Metaspace       used 17864K, capacity 18256K, committed 18304K, reserved 1064960K
  class space    used 2048K, capacity 2159K, committed 2176K, reserved 1048576K

Card table byte_map: [0x00007f5ff9057000,0x00007f5ff9158000] byte_map_base: 0x00007f5ff8957000

Marking Bits: (ParMarkBitMap*) 0x00007f5ffa6f1520
 Begin Bits: [0x00007f5fe4000000, 0x00007f5fe4800000)
 End Bits:   [0x00007f5fe4800000, 0x00007f5fe5000000)

Polling page: 0x00007f5ffa9a4000

CodeCache: size=245760Kb used=5920Kb max_used=5934Kb free=239839Kb
 bounds [0x00007f5fe5000000, 0x00007f5fe55e0000, 0x00007f5ff4000000]
 total_blobs=2095 nmethods=1347 adapters=662
 compilation: enabled

Compilation events (10 events):
Event: 1,472 Thread 0x00007f5ff415c800 1346       3       java.lang.ClassLoader::getClassLoader (11 bytes)
Event: 1,472 Thread 0x00007f5ff415c800 nmethod 1346 0x00007f5fe55bed90 code [0x00007f5fe55bef00, 0x00007f5fe55bf130]
Event: 1,472 Thread 0x00007f5ff415c800 1347       3       java.lang.Class::forName (15 bytes)
Event: 1,473 Thread 0x00007f5ff415c800 nmethod 1347 0x00007f5fe55c3090 code [0x00007f5fe55c3220, 0x00007f5fe55c34f8]
Event: 1,476 Thread 0x00007f5ff4158800 nmethod 1334 0x00007f5fe55c6f50 code [0x00007f5fe55c7160, 0x00007f5fe55c7e48]
Event: 1,476 Thread 0x00007f5ff4158800 1340       4       sun.misc.ProxyGenerator$ConstantPool::getValue (91 bytes)
Event: 1,486 Thread 0x00007f5ff4158800 nmethod 1340 0x00007f5fe55c8a90 code [0x00007f5fe55c8ca0, 0x00007f5fe55c96e8]
Event: 1,486 Thread 0x00007f5ff4158800 1343       4       sun.misc.ProxyGenerator$ConstantPool::getIndirect (67 bytes)
Event: 1,494 Thread 0x00007f5ff415a000 nmethod 1335 0x00007f5fe55cd790 code [0x00007f5fe55cd9c0, 0x00007f5fe55cf910]
Event: 1,496 Thread 0x00007f5ff4158800 nmethod 1343 0x00007f5fe55c5ad0 code [0x00007f5fe55c5cc0, 0x00007f5fe55c6598]

GC Heap History (4 events):
Event: 0,676 GC heap before
{Heap before GC invocations=1 (full 0):
 PSYoungGen      total 36864K, used 31744K [0x00000000f5580000, 0x00000000f7e80000, 0x0000000100000000)
  eden space 31744K, 100% used [0x00000000f5580000,0x00000000f7480000,0x00000000f7480000)
  from space 5120K, 0% used [0x00000000f7980000,0x00000000f7980000,0x00000000f7e80000)
  to   space 5120K, 0% used [0x00000000f7480000,0x00000000f7480000,0x00000000f7980000)
 ParOldGen       total 84992K, used 0K [0x00000000e0000000, 0x00000000e5300000, 0x00000000f5580000)
  object space 84992K, 0% used [0x00000000e0000000,0x00000000e0000000,0x00000000e5300000)
 Metaspace       used 10350K, capacity 10634K, committed 10880K, reserved 1058816K
  class space    used 1264K, capacity 1363K, committed 1408K, reserved 1048576K
Event: 0,683 GC heap after
Heap after GC invocations=1 (full 0):
 PSYoungGen      total 36864K, used 5119K [0x00000000f5580000, 0x00000000f9d80000, 0x0000000100000000)
  eden space 31744K, 0% used [0x00000000f5580000,0x00000000f5580000,0x00000000f7480000)
  from space 5120K, 99% used [0x00000000f7480000,0x00000000f797fc10,0x00000000f7980000)
  to   space 5120K, 0% used [0x00000000f9880000,0x00000000f9880000,0x00000000f9d80000)
 ParOldGen       total 84992K, used 273K [0x00000000e0000000, 0x00000000e5300000, 0x00000000f5580000)
  object space 84992K, 0% used [0x00000000e0000000,0x00000000e0044790,0x00000000e5300000)
 Metaspace       used 10350K, capacity 10634K, committed 10880K, reserved 1058816K
  class space    used 1264K, capacity 1363K, committed 1408K, reserved 1048576K
}
Event: 1,197 GC heap before
{Heap before GC invocations=2 (full 0):
 PSYoungGen      total 36864K, used 36863K [0x00000000f5580000, 0x00000000f9d80000, 0x0000000100000000)
  eden space 31744K, 100% used [0x00000000f5580000,0x00000000f7480000,0x00000000f7480000)
  from space 5120K, 99% used [0x00000000f7480000,0x00000000f797fc10,0x00000000f7980000)
  to   space 5120K, 0% used [0x00000000f9880000,0x00000000f9880000,0x00000000f9d80000)
 ParOldGen       total 84992K, used 273K [0x00000000e0000000, 0x00000000e5300000, 0x00000000f5580000)
  object space 84992K, 0% used [0x00000000e0000000,0x00000000e0044790,0x00000000e5300000)
 Metaspace       used 17021K, capacity 17342K, committed 17408K, reserved 1064960K
  class space    used 1950K, capacity 2048K, committed 2048K, reserved 1048576K
Event: 1,210 GC heap after
Heap after GC invocations=2 (full 0):
 PSYoungGen      total 68608K, used 5088K [0x00000000f5580000, 0x00000000f9d80000, 0x0000000100000000)
  eden space 63488K, 0% used [0x00000000f5580000,0x00000000f5580000,0x00000000f9380000)
  from space 5120K, 99% used [0x00000000f9880000,0x00000000f9d78010,0x00000000f9d80000)
  to   space 5120K, 0% used [0x00000000f9380000,0x00000000f9380000,0x00000000f9880000)
 ParOldGen       total 84992K, used 3043K [0x00000000e0000000, 0x00000000e5300000, 0x00000000f5580000)
  object space 84992K, 3% used [0x00000000e0000000,0x00000000e02f8e48,0x00000000e5300000)
 Metaspace       used 17021K, capacity 17342K, committed 17408K, reserved 1064960K
  class space    used 1950K, capacity 2048K, committed 2048K, reserved 1048576K
}

Deoptimization events (10 events):
Event: 0,880 Thread 0x00007f5ff4619800 Uncommon trap: reason=unstable_if action=reinterpret pc=0x00007f5fe5269884 method=sun.nio.cs.UTF_8$Decoder.decode([BII[C)I @ 30
Event: 1,190 Thread 0x00007f5ff4619800 Uncommon trap: reason=predicate action=maybe_recompile pc=0x00007f5fe52c75ac method=sun.net.www.ParseUtil.encodePath(Ljava/lang/String;Z)Ljava/lang/String; @ 36
Event: 1,354 Thread 0x00007f5ff4619800 Uncommon trap: reason=null_assert action=make_not_entrant pc=0x00007f5fe52a766c method=java.util.zip.ZipEntry.<init>(Ljava/util/zip/ZipEntry;)V @ 70
Event: 1,355 Thread 0x00007f5ff4619800 Uncommon trap: reason=null_assert action=make_not_entrant pc=0x00007f5fe5295fa0 method=java.util.zip.ZipEntry.<init>(Ljava/util/zip/ZipEntry;)V @ 70
Event: 1,355 Thread 0x00007f5ff4619800 Uncommon trap: reason=null_assert action=make_not_entrant pc=0x00007f5fe529656c method=java.util.zip.ZipEntry.<init>(Ljava/util/zip/ZipEntry;)V @ 70
Event: 1,358 Thread 0x00007f5ff4619800 Uncommon trap: reason=class_check action=maybe_recompile pc=0x00007f5fe5483144 method=java.util.HashMap.putVal(ILjava/lang/Object;Ljava/lang/Object;ZZ)Ljava/lang/Object; @ 253
Event: 1,358 Thread 0x00007f5ff4619800 Uncommon trap: reason=class_check action=maybe_recompile pc=0x00007f5fe5483144 method=java.util.HashMap.putVal(ILjava/lang/Object;Ljava/lang/Object;ZZ)Ljava/lang/Object; @ 253
Event: 1,358 Thread 0x00007f5ff4619800 Uncommon trap: reason=class_check action=maybe_recompile pc=0x00007f5fe5483144 method=java.util.HashMap.putVal(ILjava/lang/Object;Ljava/lang/Object;ZZ)Ljava/lang/Object; @ 253
Event: 1,358 Thread 0x00007f5ff4619800 Uncommon trap: reason=class_check action=maybe_recompile pc=0x00007f5fe5483144 method=java.util.HashMap.putVal(ILjava/lang/Object;Ljava/lang/Object;ZZ)Ljava/lang/Object; @ 253
Event: 1,407 Thread 0x00007f5ff4619800 Uncommon trap: reason=unstable_if action=reinterpret pc=0x00007f5fe5590f04 method=java.lang.String.lastIndexOf([CII[CIII)I @ 118

Classes redefined (0 events):
No events

Internal exceptions (10 events):
Event: 1,084 Thread 0x00007f5ff4619800 Exception <a 'java/lang/ClassNotFoundException': java/lang/IntegerBeanInfo> (0x00000000f6ef9508) thrown at [/build/openjdk-8-ncNGZp/openjdk-8-8u265-b01/src/hotspot/src/share/vm/classfile/systemDictionary.cpp, line 215]
Event: 1,084 Thread 0x00007f5ff4619800 Exception <a 'java/lang/ClassNotFoundException': java/lang/NumberBeanInfo> (0x00000000f6f00288) thrown at [/build/openjdk-8-ncNGZp/openjdk-8-8u265-b01/src/hotspot/src/share/vm/classfile/systemDictionary.cpp, line 215]
Event: 1,084 Thread 0x00007f5ff4619800 Exception <a 'java/lang/ClassNotFoundException': java/lang/NumberCustomizer> (0x00000000f6f070a8) thrown at [/build/openjdk-8-ncNGZp/openjdk-8-8u265-b01/src/hotspot/src/share/vm/classfile/systemDictionary.cpp, line 215]
Event: 1,085 Thread 0x00007f5ff4619800 Exception <a 'java/lang/ClassNotFoundException': java/lang/IntegerCustomizer> (0x00000000f6f11800) thrown at [/build/openjdk-8-ncNGZp/openjdk-8-8u265-b01/src/hotspot/src/share/vm/classfile/systemDictionary.cpp, line 215]
Event: 1,088 Thread 0x00007f5ff4619800 Exception <a 'java/lang/ClassNotFoundException': java/lang/MathBeanInfo> (0x00000000f6f5ba98) thrown at [/build/openjdk-8-ncNGZp/openjdk-8-8u265-b01/src/hotspot/src/share/vm/classfile/systemDictionary.cpp, line 215]
Event: 1,088 Thread 0x00007f5ff4619800 Exception <a 'java/lang/ClassNotFoundException': java/lang/MathCustomizer> (0x00000000f6f62830) thrown at [/build/openjdk-8-ncNGZp/openjdk-8-8u265-b01/src/hotspot/src/share/vm/classfile/systemDictionary.cpp, line 215]
Event: 1,167 Thread 0x00007f5ff4619800 Exception <a 'java/lang/ClassNotFoundException': net/sourceforge/tess4j/TesseractBeanInfo> (0x00000000f7197060) thrown at [/build/openjdk-8-ncNGZp/openjdk-8-8u265-b01/src/hotspot/src/share/vm/classfile/systemDictionary.cpp, line 215]
Event: 1,167 Thread 0x00007f5ff4619800 Exception <a 'java/lang/ClassNotFoundException': net/sourceforge/tess4j/TesseractCustomizer> (0x00000000f71a9bd8) thrown at [/build/openjdk-8-ncNGZp/openjdk-8-8u265-b01/src/hotspot/src/share/vm/classfile/systemDictionary.cpp, line 215]
Event: 1,400 Thread 0x00007f5ff4619800 Exception <a 'java/lang/UnsatisfiedLinkError': libtesseract.so: não é possível abrir arquivo compartilhado: Arquivo ou diretório não encontrado> (0x00000000f59bf0f8) thrown at [/build/openjdk-8-ncNGZp/openjdk-8-8u265-b01/src/hotspot/src/share/vm/prim
Event: 1,401 Thread 0x00007f5ff4619800 Exception <a 'java/lang/UnsatisfiedLinkError': libtesseract.so: não é possível abrir arquivo compartilhado: Arquivo ou diretório não encontrado> (0x00000000f59c2928) thrown at [/build/openjdk-8-ncNGZp/openjdk-8-8u265-b01/src/hotspot/src/share/vm/prim

Events (10 events):
Event: 1,484 loading class com/sun/jna/NativeString$StringMemory
Event: 1,484 loading class com/sun/jna/NativeString$StringMemory done
Event: 1,506 loading class com/sun/jna/Function$PointerArray
Event: 1,506 loading class com/sun/jna/Function$PointerArray done
Event: 1,506 loading class java/util/Collections$EmptyEnumeration
Event: 1,506 loading class java/util/Collections$EmptyEnumeration done
Event: 1,507 loading class java/lang/StrictMath
Event: 1,507 loading class java/lang/StrictMath done
Event: 1,507 loading class com/sun/jna/Native$Buffers
Event: 1,507 loading class com/sun/jna/Native$Buffers done


Dynamic libraries:
e0000000-e5300000 rw-p 00000000 00:00 0 
e5300000-f5580000 ---p 00000000 00:00 0 
f5580000-f9d80000 rw-p 00000000 00:00 0 
f9d80000-100000000 ---p 00000000 00:00 0 
100000000-100220000 rw-p 00000000 00:00 0 
100220000-140000000 ---p 00000000 00:00 0 
56259aca5000-56259aca6000 r--p 00000000 08:01 3670097                    /usr/lib/jvm/java-8-openjdk-amd64/jre/bin/java
56259aca6000-56259aca7000 r-xp 00001000 08:01 3670097                    /usr/lib/jvm/java-8-openjdk-amd64/jre/bin/java
56259aca7000-56259aca8000 r--p 00002000 08:01 3670097                    /usr/lib/jvm/java-8-openjdk-amd64/jre/bin/java
56259aca8000-56259aca9000 r--p 00002000 08:01 3670097                    /usr/lib/jvm/java-8-openjdk-amd64/jre/bin/java
56259aca9000-56259acaa000 rw-p 00003000 08:01 3670097                    /usr/lib/jvm/java-8-openjdk-amd64/jre/bin/java
56259bfa5000-56259bfc6000 rw-p 00000000 00:00 0                          [heap]
7f5f9598e000-7f5f9598f000 r--p 00000000 08:01 3539892                    /usr/lib/x86_64-linux-gnu/libicudata.so.66.1
7f5f9598f000-7f5f95990000 r-xp 00001000 08:01 3539892                    /usr/lib/x86_64-linux-gnu/libicudata.so.66.1
7f5f95990000-7f5f9744d000 r--p 00002000 08:01 3539892                    /usr/lib/x86_64-linux-gnu/libicudata.so.66.1
7f5f9744d000-7f5f9744e000 r--p 01abe000 08:01 3539892                    /usr/lib/x86_64-linux-gnu/libicudata.so.66.1
7f5f9744e000-7f5f9744f000 rw-p 01abf000 08:01 3539892                    /usr/lib/x86_64-linux-gnu/libicudata.so.66.1
7f5f9744f000-7f5f9745a000 r-xp 00000000 08:01 3547633                    /usr/lib/x86_64-linux-gnu/libjbig.so.0
7f5f9745a000-7f5f97659000 ---p 0000b000 08:01 3547633                    /usr/lib/x86_64-linux-gnu/libjbig.so.0
7f5f97659000-7f5f9765a000 r--p 0000a000 08:01 3547633                    /usr/lib/x86_64-linux-gnu/libjbig.so.0
7f5f9765a000-7f5f9765d000 rw-p 0000b000 08:01 3547633                    /usr/lib/x86_64-linux-gnu/libjbig.so.0
7f5f9765d000-7f5f976c2000 r--p 00000000 08:01 3541056                    /usr/lib/x86_64-linux-gnu/libicuuc.so.66.1
7f5f976c2000-7f5f977a7000 r-xp 00065000 08:01 3541056                    /usr/lib/x86_64-linux-gnu/libicuuc.so.66.1
7f5f977a7000-7f5f9782d000 r--p 0014a000 08:01 3541056                    /usr/lib/x86_64-linux-gnu/libicuuc.so.66.1
7f5f9782d000-7f5f9782e000 ---p 001d0000 08:01 3541056                    /usr/lib/x86_64-linux-gnu/libicuuc.so.66.1
7f5f9782e000-7f5f97840000 r--p 001d0000 08:01 3541056                    /usr/lib/x86_64-linux-gnu/libicuuc.so.66.1
7f5f97840000-7f5f97841000 rw-p 001e2000 08:01 3541056                    /usr/lib/x86_64-linux-gnu/libicuuc.so.66.1
7f5f97841000-7f5f97843000 rw-p 00000000 00:00 0 
7f5f97843000-7f5f97846000 r--p 00000000 08:01 3541890                    /usr/lib/x86_64-linux-gnu/libopenjp2.so.2.3.1
7f5f97846000-7f5f97887000 r-xp 00003000 08:01 3541890                    /usr/lib/x86_64-linux-gnu/libopenjp2.so.2.3.1
7f5f97887000-7f5f97897000 r--p 00044000 08:01 3541890                    /usr/lib/x86_64-linux-gnu/libopenjp2.so.2.3.1
7f5f97897000-7f5f97898000 r--p 00053000 08:01 3541890                    /usr/lib/x86_64-linux-gnu/libopenjp2.so.2.3.1
7f5f97898000-7f5f97899000 rw-p 00054000 08:01 3541890                    /usr/lib/x86_64-linux-gnu/libopenjp2.so.2.3.1
7f5f97899000-7f5f978ff000 r-xp 00000000 08:01 3548259                    /usr/lib/x86_64-linux-gnu/libwebp.so.6.0.2
7f5f978ff000-7f5f97afe000 ---p 00066000 08:01 3548259                    /usr/lib/x86_64-linux-gnu/libwebp.so.6.0.2
7f5f97afe000-7f5f97aff000 r--p 00065000 08:01 3548259                    /usr/lib/x86_64-linux-gnu/libwebp.so.6.0.2
7f5f97aff000-7f5f97b00000 rw-p 00066000 08:01 3548259                    /usr/lib/x86_64-linux-gnu/libwebp.so.6.0.2
7f5f97b00000-7f5f97b02000 rw-p 00000000 00:00 0 
7f5f97b02000-7f5f97b0b000 r-xp 00000000 08:01 3548263                    /usr/lib/x86_64-linux-gnu/libwebpmux.so.3.0.1
7f5f97b0b000-7f5f97d0a000 ---p 00009000 08:01 3548263                    /usr/lib/x86_64-linux-gnu/libwebpmux.so.3.0.1
7f5f97d0a000-7f5f97d0b000 r--p 00008000 08:01 3548263                    /usr/lib/x86_64-linux-gnu/libwebpmux.so.3.0.1
7f5f97d0b000-7f5f97d0c000 rw-p 00009000 08:01 3548263                    /usr/lib/x86_64-linux-gnu/libwebpmux.so.3.0.1
7f5f97d0c000-7f5f97d14000 r--p 00000000 08:01 3539343                    /usr/lib/x86_64-linux-gnu/libtiff.so.5.5.0
7f5f97d14000-7f5f97d58000 r-xp 00008000 08:01 3539343                    /usr/lib/x86_64-linux-gnu/libtiff.so.5.5.0
7f5f97d58000-7f5f97d87000 r--p 0004c000 08:01 3539343                    /usr/lib/x86_64-linux-gnu/libtiff.so.5.5.0
7f5f97d87000-7f5f97d88000 ---p 0007b000 08:01 3539343                    /usr/lib/x86_64-linux-gnu/libtiff.so.5.5.0
7f5f97d88000-7f5f97d8c000 r--p 0007b000 08:01 3539343                    /usr/lib/x86_64-linux-gnu/libtiff.so.5.5.0
7f5f97d8c000-7f5f97d8d000 rw-p 0007f000 08:01 3539343                    /usr/lib/x86_64-linux-gnu/libtiff.so.5.5.0
7f5f97d8d000-7f5f97d91000 r--p 00000000 08:01 3541354                    /usr/lib/x86_64-linux-gnu/libjpeg.so.8.2.2
7f5f97d91000-7f5f97dd5000 r-xp 00004000 08:01 3541354                    /usr/lib/x86_64-linux-gnu/libjpeg.so.8.2.2
7f5f97dd5000-7f5f97e0f000 r--p 00048000 08:01 3541354                    /usr/lib/x86_64-linux-gnu/libjpeg.so.8.2.2
7f5f97e0f000-7f5f97e10000 ---p 00082000 08:01 3541354                    /usr/lib/x86_64-linux-gnu/libjpeg.so.8.2.2
7f5f97e10000-7f5f97e11000 r--p 00082000 08:01 3541354                    /usr/lib/x86_64-linux-gnu/libjpeg.so.8.2.2
7f5f97e11000-7f5f97e12000 rw-p 00083000 08:01 3541354                    /usr/lib/x86_64-linux-gnu/libjpeg.so.8.2.2
7f5f97e12000-7f5f97e3f000 r--p 00000000 08:01 3552066                    /usr/lib/x86_64-linux-gnu/libxml2.so.2.9.10
7f5f97e3f000-7f5f97f69000 r-xp 0002d000 08:01 3552066                    /usr/lib/x86_64-linux-gnu/libxml2.so.2.9.10
7f5f97f69000-7f5f97fc0000 r--p 00157000 08:01 3552066                    /usr/lib/x86_64-linux-gnu/libxml2.so.2.9.10
7f5f97fc0000-7f5f97fc9000 r--p 001ad000 08:01 3552066                    /usr/lib/x86_64-linux-gnu/libxml2.so.2.9.10
7f5f97fc9000-7f5f97fca000 rw-p 001b6000 08:01 3552066                    /usr/lib/x86_64-linux-gnu/libxml2.so.2.9.10
7f5f97fca000-7f5f97fcc000 rw-p 00000000 00:00 0 
7f5f97fcc000-7f5f97fce000 r--p 00000000 08:01 3539146                    /usr/lib/x86_64-linux-gnu/libbz2.so.1.0.4
7f5f97fce000-7f5f97fdb000 r-xp 00002000 08:01 3539146                    /usr/lib/x86_64-linux-gnu/libbz2.so.1.0.4
7f5f97fdb000-7f5f97fdd000 r--p 0000f000 08:01 3539146                    /usr/lib/x86_64-linux-gnu/libbz2.so.1.0.4
7f5f97fdd000-7f5f97fde000 r--p 00010000 08:01 3539146                    /usr/lib/x86_64-linux-gnu/libbz2.so.1.0.4
7f5f97fde000-7f5f97fdf000 rw-p 00011000 08:01 3539146                    /usr/lib/x86_64-linux-gnu/libbz2.so.1.0.4
7f5f97fdf000-7f5f97fe1000 r--p 00000000 08:01 3547835                    /usr/lib/x86_64-linux-gnu/liblz4.so.1.9.2
7f5f97fe1000-7f5f97ffb000 r-xp 00002000 08:01 3547835                    /usr/lib/x86_64-linux-gnu/liblz4.so.1.9.2
7f5f97ffb000-7f5f97ffe000 r--p 0001c000 08:01 3547835                    /usr/lib/x86_64-linux-gnu/liblz4.so.1.9.2
7f5f97ffe000-7f5f97fff000 r--p 0001e000 08:01 3547835                    /usr/lib/x86_64-linux-gnu/liblz4.so.1.9.2
7f5f97fff000-7f5f98000000 rw-p 0001f000 08:01 3547835                    /usr/lib/x86_64-linux-gnu/liblz4.so.1.9.2
7f5f98000000-7f5f98021000 rw-p 00000000 00:00 0 
7f5f98021000-7f5f9c000000 ---p 00000000 00:00 0 
7f5f9c000000-7f5f9c021000 rw-p 00000000 00:00 0 
7f5f9c021000-7f5fa0000000 ---p 00000000 00:00 0 
7f5fa0000000-7f5fa0021000 rw-p 00000000 00:00 0 
7f5fa0021000-7f5fa4000000 ---p 00000000 00:00 0 
7f5fa4000000-7f5fa4074000 rw-p 00000000 00:00 0 
7f5fa4074000-7f5fa8000000 ---p 00000000 00:00 0 
7f5fa8000000-7f5fa8021000 rw-p 00000000 00:00 0 
7f5fa8021000-7f5fac000000 ---p 00000000 00:00 0 
7f5fac000000-7f5fac450000 rw-p 00000000 00:00 0 
7f5fac450000-7f5fb0000000 ---p 00000000 00:00 0 
7f5fb0000000-7f5fb03c1000 rw-p 00000000 00:00 0 
7f5fb03c1000-7f5fb4000000 ---p 00000000 00:00 0 
7f5fb4000000-7f5fb4021000 rw-p 00000000 00:00 0 
7f5fb4021000-7f5fb8000000 ---p 00000000 00:00 0 
7f5fb8000000-7f5fb84cf000 rw-p 00000000 00:00 0 
7f5fb84cf000-7f5fbc000000 ---p 00000000 00:00 0 
7f5fbc000000-7f5fbc3da000 rw-p 00000000 00:00 0 
7f5fbc3da000-7f5fc0000000 ---p 00000000 00:00 0 
7f5fc0000000-7f5fc0021000 rw-p 00000000 00:00 0 
7f5fc0021000-7f5fc4000000 ---p 00000000 00:00 0 
7f5fc4000000-7f5fc4021000 rw-p 00000000 00:00 0 
7f5fc4021000-7f5fc8000000 ---p 00000000 00:00 0 
7f5fc8000000-7f5fc8021000 rw-p 00000000 00:00 0 
7f5fc8021000-7f5fcc000000 ---p 00000000 00:00 0 
7f5fcc000000-7f5fcc021000 rw-p 00000000 00:00 0 
7f5fcc021000-7f5fd0000000 ---p 00000000 00:00 0 
7f5fd0000000-7f5fd0021000 rw-p 00000000 00:00 0 
7f5fd0021000-7f5fd4000000 ---p 00000000 00:00 0 
7f5fd4000000-7f5fd4021000 rw-p 00000000 00:00 0 
7f5fd4021000-7f5fd8000000 ---p 00000000 00:00 0 
7f5fd8000000-7f5fd8021000 rw-p 00000000 00:00 0 
7f5fd8021000-7f5fdc000000 ---p 00000000 00:00 0 
7f5fdc005000-7f5fdc007000 r--p 00000000 08:01 3547392                    /usr/lib/x86_64-linux-gnu/libgif.so.7.1.0
7f5fdc007000-7f5fdc00c000 r-xp 00002000 08:01 3547392                    /usr/lib/x86_64-linux-gnu/libgif.so.7.1.0
7f5fdc00c000-7f5fdc00e000 r--p 00007000 08:01 3547392                    /usr/lib/x86_64-linux-gnu/libgif.so.7.1.0
7f5fdc00e000-7f5fdc00f000 r--p 00008000 08:01 3547392                    /usr/lib/x86_64-linux-gnu/libgif.so.7.1.0
7f5fdc00f000-7f5fdc010000 rw-p 00009000 08:01 3547392                    /usr/lib/x86_64-linux-gnu/libgif.so.7.1.0
7f5fdc010000-7f5fdc014000 r--p 00000000 08:01 3546578                    /usr/lib/x86_64-linux-gnu/libzstd.so.1.4.4
7f5fdc014000-7f5fdc0a6000 r-xp 00004000 08:01 3546578                    /usr/lib/x86_64-linux-gnu/libzstd.so.1.4.4
7f5fdc0a6000-7f5fdc0b7000 r--p 00096000 08:01 3546578                    /usr/lib/x86_64-linux-gnu/libzstd.so.1.4.4
7f5fdc0b7000-7f5fdc0b8000 r--p 000a6000 08:01 3546578                    /usr/lib/x86_64-linux-gnu/libzstd.so.1.4.4
7f5fdc0b8000-7f5fdc0b9000 rw-p 000a7000 08:01 3546578                    /usr/lib/x86_64-linux-gnu/libzstd.so.1.4.4
7f5fdc0b9000-7f5fdc0bc000 r--p 00000000 08:01 3547690                    /usr/lib/x86_64-linux-gnu/liblzma.so.5.2.4
7f5fdc0bc000-7f5fdc0d3000 r-xp 00003000 08:01 3547690                    /usr/lib/x86_64-linux-gnu/liblzma.so.5.2.4
7f5fdc0d3000-7f5fdc0de000 r--p 0001a000 08:01 3547690                    /usr/lib/x86_64-linux-gnu/liblzma.so.5.2.4
7f5fdc0de000-7f5fdc0df000 r--p 00024000 08:01 3547690                    /usr/lib/x86_64-linux-gnu/liblzma.so.5.2.4
7f5fdc0df000-7f5fdc0e0000 rw-p 00025000 08:01 3547690                    /usr/lib/x86_64-linux-gnu/liblzma.so.5.2.4
7f5fdc0e0000-7f5fdc0e2000 r--p 00000000 08:01 3539112                    /usr/lib/x86_64-linux-gnu/libacl.so.1.1.2253
7f5fdc0e2000-7f5fdc0e7000 r-xp 00002000 08:01 3539112                    /usr/lib/x86_64-linux-gnu/libacl.so.1.1.2253
7f5fdc0e7000-7f5fdc0e9000 r--p 00007000 08:01 3539112                    /usr/lib/x86_64-linux-gnu/libacl.so.1.1.2253
7f5fdc0e9000-7f5fdc0ea000 r--p 00008000 08:01 3539112                    /usr/lib/x86_64-linux-gnu/libacl.so.1.1.2253
7f5fdc0ea000-7f5fdc0eb000 rw-p 00009000 08:01 3539112                    /usr/lib/x86_64-linux-gnu/libacl.so.1.1.2253
7f5fdc0eb000-7f5fdc0f4000 r--p 00000000 08:01 3545929                    /usr/lib/x86_64-linux-gnu/libnettle.so.7.0
7f5fdc0f4000-7f5fdc112000 r-xp 00009000 08:01 3545929                    /usr/lib/x86_64-linux-gnu/libnettle.so.7.0
7f5fdc112000-7f5fdc122000 r--p 00027000 08:01 3545929                    /usr/lib/x86_64-linux-gnu/libnettle.so.7.0
7f5fdc122000-7f5fdc124000 r--p 00036000 08:01 3545929                    /usr/lib/x86_64-linux-gnu/libnettle.so.7.0
7f5fdc124000-7f5fdc125000 rw-p 00038000 08:01 3545929                    /usr/lib/x86_64-linux-gnu/libnettle.so.7.0
7f5fdc125000-7f5fdc12e000 r--p 00000000 08:01 3539008                    /usr/lib/x86_64-linux-gnu/libgomp.so.1.0.0
7f5fdc12e000-7f5fdc159000 r-xp 00009000 08:01 3539008                    /usr/lib/x86_64-linux-gnu/libgomp.so.1.0.0
7f5fdc159000-7f5fdc165000 r--p 00034000 08:01 3539008                    /usr/lib/x86_64-linux-gnu/libgomp.so.1.0.0
7f5fdc165000-7f5fdc166000 r--p 0003f000 08:01 3539008                    /usr/lib/x86_64-linux-gnu/libgomp.so.1.0.0
7f5fdc166000-7f5fdc167000 rw-p 00040000 08:01 3539008                    /usr/lib/x86_64-linux-gnu/libgomp.so.1.0.0
7f5fdc167000-7f5fdc18f000 r--p 00000000 08:01 3542731                    /usr/lib/x86_64-linux-gnu/liblept.so.5.0.4
7f5fdc18f000-7f5fdc352000 r-xp 00028000 08:01 3542731                    /usr/lib/x86_64-linux-gnu/liblept.so.5.0.4
7f5fdc352000-7f5fdc3e2000 r--p 001eb000 08:01 3542731                    /usr/lib/x86_64-linux-gnu/liblept.so.5.0.4
7f5fdc3e2000-7f5fdc3e3000 ---p 0027b000 08:01 3542731                    /usr/lib/x86_64-linux-gnu/liblept.so.5.0.4
7f5fdc3e3000-7f5fdc3e4000 r--p 0027b000 08:01 3542731                    /usr/lib/x86_64-linux-gnu/liblept.so.5.0.4
7f5fdc3e4000-7f5fdc3ea000 rw-p 0027c000 08:01 3542731                    /usr/lib/x86_64-linux-gnu/liblept.so.5.0.4
7f5fdc3ea000-7f5fdc3fb000 r--p 00000000 08:01 3539338                    /usr/lib/x86_64-linux-gnu/libarchive.so.13.4.0
7f5fdc3fb000-7f5fdc47f000 r-xp 00011000 08:01 3539338                    /usr/lib/x86_64-linux-gnu/libarchive.so.13.4.0
7f5fdc47f000-7f5fdc4a7000 r--p 00095000 08:01 3539338                    /usr/lib/x86_64-linux-gnu/libarchive.so.13.4.0
7f5fdc4a7000-7f5fdc4a8000 ---p 000bd000 08:01 3539338                    /usr/lib/x86_64-linux-gnu/libarchive.so.13.4.0
7f5fdc4a8000-7f5fdc4ab000 r--p 000bd000 08:01 3539338                    /usr/lib/x86_64-linux-gnu/libarchive.so.13.4.0
7f5fdc4ab000-7f5fdc4ac000 rw-p 000c0000 08:01 3539338                    /usr/lib/x86_64-linux-gnu/libarchive.so.13.4.0
7f5fdc4ac000-7f5fdc527000 r--p 00000000 08:01 3548987                    /usr/lib/x86_64-linux-gnu/libtesseract.so.4.0.1
7f5fdc527000-7f5fdc71c000 r-xp 0007b000 08:01 3548987                    /usr/lib/x86_64-linux-gnu/libtesseract.so.4.0.1
7f5fdc71c000-7f5fdc7d0000 r--p 00270000 08:01 3548987                    /usr/lib/x86_64-linux-gnu/libtesseract.so.4.0.1
7f5fdc7d0000-7f5fdc7d1000 ---p 00324000 08:01 3548987                    /usr/lib/x86_64-linux-gnu/libtesseract.so.4.0.1
7f5fdc7d1000-7f5fdc7d6000 r--p 00324000 08:01 3548987                    /usr/lib/x86_64-linux-gnu/libtesseract.so.4.0.1
7f5fdc7d6000-7f5fdc7d7000 rw-p 00329000 08:01 3548987                    /usr/lib/x86_64-linux-gnu/libtesseract.so.4.0.1
7f5fdc7d7000-7f5fdc7da000 rw-p 00000000 00:00 0 
7f5fdc7da000-7f5fdc7dd000 ---p 00000000 00:00 0 
7f5fdc7dd000-7f5fdc813000 rw-p 00000000 00:00 0 
7f5fdc813000-7f5fdc82b000 r-xp 00000000 08:01 2439632                    /home/gilsonalves/.cache/JNA/temp/jna4391609347431857295.tmp (deleted)
7f5fdc82b000-7f5fdca2b000 ---p 00018000 08:01 2439632                    /home/gilsonalves/.cache/JNA/temp/jna4391609347431857295.tmp (deleted)
7f5fdca2b000-7f5fdca2c000 rw-p 00018000 08:01 2439632                    /home/gilsonalves/.cache/JNA/temp/jna4391609347431857295.tmp (deleted)
7f5fdca2c000-7f5fdcbec000 rw-p 00000000 00:00 0 
7f5fdcbec000-7f5fdcc2c000 ---p 00000000 00:00 0 
7f5fdcc2c000-7f5fdcc31000 r--p 00000000 08:01 3540088                    /usr/lib/x86_64-linux-gnu/libpng16.so.16.37.0
7f5fdcc31000-7f5fdcc56000 r-xp 00005000 08:01 3540088                    /usr/lib/x86_64-linux-gnu/libpng16.so.16.37.0
7f5fdcc56000-7f5fdcc62000 r--p 0002a000 08:01 3540088                    /usr/lib/x86_64-linux-gnu/libpng16.so.16.37.0
7f5fdcc62000-7f5fdcc63000 r--p 00035000 08:01 3540088                    /usr/lib/x86_64-linux-gnu/libpng16.so.16.37.0
7f5fdcc63000-7f5fdcc64000 rw-p 00036000 08:01 3540088                    /usr/lib/x86_64-linux-gnu/libpng16.so.16.37.0
7f5fdcc64000-7f5fdcc70000 r--p 00000000 08:01 3541145                    /usr/lib/x86_64-linux-gnu/libfreetype.so.6.17.1
7f5fdcc70000-7f5fdccf0000 r-xp 0000c000 08:01 3541145                    /usr/lib/x86_64-linux-gnu/libfreetype.so.6.17.1
7f5fdccf0000-7f5fdcd1a000 r--p 0008c000 08:01 3541145                    /usr/lib/x86_64-linux-gnu/libfreetype.so.6.17.1
7f5fdcd1a000-7f5fdcd1b000 ---p 000b6000 08:01 3541145                    /usr/lib/x86_64-linux-gnu/libfreetype.so.6.17.1
7f5fdcd1b000-7f5fdcd22000 r--p 000b6000 08:01 3541145                    /usr/lib/x86_64-linux-gnu/libfreetype.so.6.17.1
7f5fdcd22000-7f5fdcd23000 rw-p 000bd000 08:01 3541145                    /usr/lib/x86_64-linux-gnu/libfreetype.so.6.17.1
7f5fdcd40000-7f5fdcd47000 r--p 00000000 08:01 3670937                    /usr/lib/jvm/java-8-openjdk-amd64/jre/lib/amd64/libfontmanager.so
7f5fdcd47000-7f5fdcd76000 r-xp 00007000 08:01 3670937                    /usr/lib/jvm/java-8-openjdk-amd64/jre/lib/amd64/libfontmanager.so
7f5fdcd76000-7f5fdcd92000 r--p 00036000 08:01 3670937                    /usr/lib/jvm/java-8-openjdk-amd64/jre/lib/amd64/libfontmanager.so
7f5fdcd92000-7f5fdcd93000 ---p 00052000 08:01 3670937                    /usr/lib/jvm/java-8-openjdk-amd64/jre/lib/amd64/libfontmanager.so
7f5fdcd93000-7f5fdcd95000 r--p 00052000 08:01 3670937                    /usr/lib/jvm/java-8-openjdk-amd64/jre/lib/amd64/libfontmanager.so
7f5fdcd95000-7f5fdcd96000 rw-p 00054000 08:01 3670937                    /usr/lib/jvm/java-8-openjdk-amd64/jre/lib/amd64/libfontmanager.so
7f5fdcd96000-7f5fdcd99000 ---p 00000000 00:00 0 
7f5fdcd99000-7f5fdd097000 rw-p 00000000 00:00 0 
7f5fdd097000-7f5fdd09b000 r--p 00000000 08:01 3544047                    /usr/lib/x86_64-linux-gnu/libbsd.so.0.10.0
7f5fdd09b000-7f5fdd0aa000 r-xp 00004000 08:01 3544047                    /usr/lib/x86_64-linux-gnu/libbsd.so.0.10.0
7f5fdd0aa000-7f5fdd0ad000 r--p 00013000 08:01 3544047                    /usr/lib/x86_64-linux-gnu/libbsd.so.0.10.0
7f5fdd0ad000-7f5fdd0ae000 ---p 00016000 08:01 3544047                    /usr/lib/x86_64-linux-gnu/libbsd.so.0.10.0
7f5fdd0ae000-7f5fdd0af000 r--p 00016000 08:01 3544047                    /usr/lib/x86_64-linux-gnu/libbsd.so.0.10.0
7f5fdd0af000-7f5fdd0b0000 rw-p 00017000 08:01 3544047                    /usr/lib/x86_64-linux-gnu/libbsd.so.0.10.0
7f5fdd0b0000-7f5fdd0b1000 rw-p 00000000 00:00 0 
7f5fdd0b1000-7f5fdd0b3000 r--p 00000000 08:01 3546224                    /usr/lib/x86_64-linux-gnu/libXdmcp.so.6.0.0
7f5fdd0b3000-7f5fdd0b5000 r-xp 00002000 08:01 3546224                    /usr/lib/x86_64-linux-gnu/libXdmcp.so.6.0.0
7f5fdd0b5000-7f5fdd0b7000 r--p 00004000 08:01 3546224                    /usr/lib/x86_64-linux-gnu/libXdmcp.so.6.0.0
7f5fdd0b7000-7f5fdd0b8000 r--p 00005000 08:01 3546224                    /usr/lib/x86_64-linux-gnu/libXdmcp.so.6.0.0
7f5fdd0b8000-7f5fdd0b9000 rw-p 00006000 08:01 3546224                    /usr/lib/x86_64-linux-gnu/libXdmcp.so.6.0.0
7f5fdd0b9000-7f5fdd0ba000 r--p 00000000 08:01 3546197                    /usr/lib/x86_64-linux-gnu/libXau.so.6.0.0
7f5fdd0ba000-7f5fdd0bc000 r-xp 00001000 08:01 3546197                    /usr/lib/x86_64-linux-gnu/libXau.so.6.0.0
7f5fdd0bc000-7f5fdd0bd000 r--p 00003000 08:01 3546197                    /usr/lib/x86_64-linux-gnu/libXau.so.6.0.0
7f5fdd0bd000-7f5fdd0be000 r--p 00003000 08:01 3546197                    /usr/lib/x86_64-linux-gnu/libXau.so.6.0.0
7f5fdd0be000-7f5fdd0bf000 rw-p 00004000 08:01 3546197                    /usr/lib/x86_64-linux-gnu/libXau.so.6.0.0
7f5fdd0bf000-7f5fdd0ca000 r--p 00000000 08:01 3549967                    /usr/lib/x86_64-linux-gnu/libxcb.so.1.1.0
7f5fdd0ca000-7f5fdd0de000 r-xp 0000b000 08:01 3549967                    /usr/lib/x86_64-linux-gnu/libxcb.so.1.1.0
7f5fdd0de000-7f5fdd0e7000 r--p 0001f000 08:01 3549967                    /usr/lib/x86_64-linux-gnu/libxcb.so.1.1.0
7f5fdd0e7000-7f5fdd0e8000 r--p 00027000 08:01 3549967                    /usr/lib/x86_64-linux-gnu/libxcb.so.1.1.0
7f5fdd0e8000-7f5fdd0e9000 rw-p 00028000 08:01 3549967                    /usr/lib/x86_64-linux-gnu/libxcb.so.1.1.0
7f5fdd0e9000-7f5fdd0eb000 r--p 00000000 08:01 3543454                    /usr/lib/x86_64-linux-gnu/libXi.so.6.1.0
7f5fdd0eb000-7f5fdd0f6000 r-xp 00002000 08:01 3543454                    /usr/lib/x86_64-linux-gnu/libXi.so.6.1.0
7f5fdd0f6000-7f5fdd0f9000 r--p 0000d000 08:01 3543454                    /usr/lib/x86_64-linux-gnu/libXi.so.6.1.0
7f5fdd0f9000-7f5fdd0fa000 r--p 0000f000 08:01 3543454                    /usr/lib/x86_64-linux-gnu/libXi.so.6.1.0
7f5fdd0fa000-7f5fdd0fb000 rw-p 00010000 08:01 3543454                    /usr/lib/x86_64-linux-gnu/libXi.so.6.1.0
7f5fdd0fb000-7f5fdd100000 r-xp 00000000 08:01 3546947                    /usr/lib/x86_64-linux-gnu/libXtst.so.6.1.0
7f5fdd100000-7f5fdd2ff000 ---p 00005000 08:01 3546947                    /usr/lib/x86_64-linux-gnu/libXtst.so.6.1.0
7f5fdd2ff000-7f5fdd300000 r--p 00004000 08:01 3546947                    /usr/lib/x86_64-linux-gnu/libXtst.so.6.1.0
7f5fdd300000-7f5fdd301000 rw-p 00005000 08:01 3546947                    /usr/lib/x86_64-linux-gnu/libXtst.so.6.1.0
7f5fdd301000-7f5fdd30a000 r-xp 00000000 08:01 3546941                    /usr/lib/x86_64-linux-gnu/libXrender.so.1.3.0
7f5fdd30a000-7f5fdd509000 ---p 00009000 08:01 3546941                    /usr/lib/x86_64-linux-gnu/libXrender.so.1.3.0
7f5fdd509000-7f5fdd50a000 r--p 00008000 08:01 3546941                    /usr/lib/x86_64-linux-gnu/libXrender.so.1.3.0
7f5fdd50a000-7f5fdd50b000 rw-p 00009000 08:01 3546941                    /usr/lib/x86_64-linux-gnu/libXrender.so.1.3.0
7f5fdd50b000-7f5fdd523000 r--p 00000000 08:01 3546194                    /usr/lib/x86_64-linux-gnu/libX11.so.6.3.0
7f5fdd523000-7f5fdd5ae000 r-xp 00018000 08:01 3546194                    /usr/lib/x86_64-linux-gnu/libX11.so.6.3.0
7f5fdd5ae000-7f5fdd642000 r--p 000a3000 08:01 3546194                    /usr/lib/x86_64-linux-gnu/libX11.so.6.3.0
7f5fdd642000-7f5fdd643000 ---p 00137000 08:01 3546194                    /usr/lib/x86_64-linux-gnu/libX11.so.6.3.0
7f5fdd643000-7f5fdd644000 r--p 00137000 08:01 3546194                    /usr/lib/x86_64-linux-gnu/libX11.so.6.3.0
7f5fdd644000-7f5fdd648000 rw-p 00138000 08:01 3546194                    /usr/lib/x86_64-linux-gnu/libX11.so.6.3.0
7f5fdd648000-7f5fdd64c000 r--p 00000000 08:01 3543429                    /usr/lib/x86_64-linux-gnu/libXext.so.6.4.0
7f5fdd64c000-7f5fdd657000 r-xp 00004000 08:01 3543429                    /usr/lib/x86_64-linux-gnu/libXext.so.6.4.0
7f5fdd657000-7f5fdd65b000 r--p 0000f000 08:01 3543429                    /usr/lib/x86_64-linux-gnu/libXext.so.6.4.0
7f5fdd65b000-7f5fdd65c000 r--p 00012000 08:01 3543429                    /usr/lib/x86_64-linux-gnu/libXext.so.6.4.0
7f5fdd65c000-7f5fdd65d000 rw-p 00013000 08:01 3543429                    /usr/lib/x86_64-linux-gnu/libXext.so.6.4.0
7f5fdd667000-7f5fdd67a000 r--s 00346000 08:01 3671004                    /usr/lib/jvm/java-8-openjdk-amd64/jre/lib/resources.jar
7f5fdd67a000-7f5fdd68a000 r--p 00000000 08:01 3670935                    /usr/lib/jvm/java-8-openjdk-amd64/jre/lib/amd64/libawt_xawt.so
7f5fdd68a000-7f5fdd6c7000 r-xp 00010000 08:01 3670935                    /usr/lib/jvm/java-8-openjdk-amd64/jre/lib/amd64/libawt_xawt.so
7f5fdd6c7000-7f5fdd6d8000 r--p 0004d000 08:01 3670935                    /usr/lib/jvm/java-8-openjdk-amd64/jre/lib/amd64/libawt_xawt.so
7f5fdd6d8000-7f5fdd6d9000 r--p 0005d000 08:01 3670935                    /usr/lib/jvm/java-8-openjdk-amd64/jre/lib/amd64/libawt_xawt.so
7f5fdd6d9000-7f5fdd6dc000 rw-p 0005e000 08:01 3670935                    /usr/lib/jvm/java-8-openjdk-amd64/jre/lib/amd64/libawt_xawt.so
7f5fdd6dc000-7f5fdd6de000 rw-p 00000000 00:00 0 
7f5fdd6de000-7f5fdd70b000 r--p 00000000 08:01 3670931                    /usr/lib/jvm/java-8-openjdk-amd64/jre/lib/amd64/libawt.so
7f5fdd70b000-7f5fdd775000 r-xp 0002d000 08:01 3670931                    /usr/lib/jvm/java-8-openjdk-amd64/jre/lib/amd64/libawt.so
7f5fdd775000-7f5fdd781000 r--p 00097000 08:01 3670931                    /usr/lib/jvm/java-8-openjdk-amd64/jre/lib/amd64/libawt.so
7f5fdd781000-7f5fdd782000 ---p 000a3000 08:01 3670931                    /usr/lib/jvm/java-8-openjdk-amd64/jre/lib/amd64/libawt.so
7f5fdd782000-7f5fdd783000 r--p 000a3000 08:01 3670931                    /usr/lib/jvm/java-8-openjdk-amd64/jre/lib/amd64/libawt.so
7f5fdd783000-7f5fdd78e000 rw-p 000a4000 08:01 3670931                    /usr/lib/jvm/java-8-openjdk-amd64/jre/lib/amd64/libawt.so
7f5fdd78e000-7f5fdd7b3000 rw-p 00000000 00:00 0 
7f5fdd7b3000-7f5fdd7b8000 r--s 002f9000 08:01 3670971                    /usr/lib/jvm/java-8-openjdk-amd64/jre/lib/charsets.jar
7f5fdd7b8000-7f5fdd9b8000 rw-p 00000000 00:00 0 
7f5fdd9b8000-7f5fddbb8000 rw-p 00000000 00:00 0 
7f5fddbb8000-7f5fddbbb000 ---p 00000000 00:00 0 
7f5fddbbb000-7f5fddcb9000 rw-p 00000000 00:00 0 
7f5fddcb9000-7f5fddcbc000 ---p 00000000 00:00 0 
7f5fddcbc000-7f5fdddba000 rw-p 00000000 00:00 0 
7f5fdddba000-7f5fdddbd000 ---p 00000000 00:00 0 
7f5fdddbd000-7f5fddebb000 rw-p 00000000 00:00 0 
7f5fddebb000-7f5fddec9000 r--s 0007f000 08:01 1574420                    /home/gilsonalves/.gradle/caches/modules-2/files-2.1/commons-collections/commons-collections/3.2.1/761ea405b9b37ced573d2df0d1e3a4e0f9edc668/commons-collections-3.2.1.jar
7f5fddec9000-7f5fdded4000 r--s 00069000 08:01 1579073                    /home/gilsonalves/.gradle/caches/modules-2/files-2.1/ch.qos.logback/logback-core/1.2.3/864344400c3d4d92dfeb0a305dc87d953677c03c/logback-core-1.2.3.jar
7f5fdded4000-7f5fdded6000 r--s 0000c000 08:01 1577199                    /home/gilsonalves/.gradle/caches/modules-2/files-2.1/org.jboss.logging/jboss-logging/3.1.4.GA/90fdefa08d8ad069b86f4ea6033671970459a078/jboss-logging-3.1.4.GA.jar
7f5fdded6000-7f5fdded8000 r--s 0000e000 08:01 1576543                    /home/gilsonalves/.gradle/caches/modules-2/files-2.1/commons-logging/commons-logging/1.2/4bfc12adfe4842bf07b657f0369c4cb522955686/commons-logging-1.2.jar
7f5fdded8000-7f5fddedf000 r--s 00177000 08:01 1577254                    /home/gilsonalves/.gradle/caches/modules-2/files-2.1/org.apache.pdfbox/fontbox/2.0.21/cfe57349f27ee638660da802e34d0b1d68c84581/fontbox-2.0.21.jar
7f5fddedf000-7f5fddeeb000 r--s 00108000 08:01 1577196                    /home/gilsonalves/.gradle/caches/modules-2/files-2.1/com.lowagie/itext/2.1.7/892bfb3e97074a61123b3b2d7caa2db112750864/itext-2.1.7.jar
7f5fddeeb000-7f5fddef0000 r--s 00035000 08:01 1577194                    /home/gilsonalves/.gradle/caches/modules-2/files-2.1/commons-beanutils/commons-beanutils/1.9.2/7a87d845ad3a155297e8f67d9008f4c1e5656b71/commons-beanutils-1.9.2.jar
7f5fddef0000-7f5fddef9000 r--s 0006f000 08:01 1577193                    /home/gilsonalves/.gradle/caches/modules-2/files-2.1/log4j/log4j/1.2.17/5af35056b4d257e4b64b9e8069c0746e8b08629f/log4j-1.2.17.jar
7f5fddef9000-7f5fddefb000 r--s 00009000 08:01 1577319                    /home/gilsonalves/.gradle/caches/modules-2/files-2.1/org.hamcrest/hamcrest-core/1.3/42a25dc3219429f0e5d060061f71acb49bf010a0/hamcrest-core-1.3.jar
7f5fddefb000-7f5fddefd000 r--s 00009000 08:01 1577200                    /home/gilsonalves/.gradle/caches/modules-2/files-2.1/org.slf4j/slf4j-api/1.7.30/b5a4b6d16ab13e34a88fae84c35cd5d68cac922c/slf4j-api-1.7.30.jar
7f5fddefd000-7f5fddf03000 r--s 00041000 08:01 1579072                    /home/gilsonalves/.gradle/caches/modules-2/files-2.1/ch.qos.logback/logback-classic/1.2.3/7c4f3c474fb2c041d8028740440937705ebb473a/logback-classic-1.2.3.jar
7f5fddf03000-7f5fddf07000 r--s 00020000 08:01 1577189                    /home/gilsonalves/.gradle/caches/modules-2/files-2.1/org.jboss/jboss-vfs/3.2.15.Final/9b16eb15a13b42d6cd55281938de1b946c735d6f/jboss-vfs-3.2.15.Final.jar
7f5fddf07000-7f5fddf0d000 r--s 0003e000 08:01 1577252                    /home/gilsonalves/.gradle/caches/modules-2/files-2.1/commons-io/commons-io/2.7/3f2bd4ba11c4162733c13cc90ca7c7ea09967102/commons-io-2.7.jar
7f5fddf0d000-7f5fddf17000 r--s 00081000 08:01 1577195                    /home/gilsonalves/.gradle/caches/modules-2/files-2.1/org.apache.xmlgraphics/xmlgraphics-commons/1.4/52a051c7202449347ab3d717987b5fc2e2a52143/xmlgraphics-commons-1.4.jar
7f5fddf17000-7f5fddf1b000 r--s 00022000 08:01 1577187                    /home/gilsonalves/.gradle/caches/modules-2/files-2.1/org.apache.pdfbox/jbig2-imageio/3.0.3/1719861ff0b86162c5b391fb4d1084c05ff72b35/jbig2-imageio-3.0.3.jar
7f5fddf1b000-7f5fddf32000 r--s 00281000 08:01 1577251                    /home/gilsonalves/.gradle/caches/modules-2/files-2.1/org.apache.pdfbox/pdfbox/2.0.21/64b4338c958658215b2341d1da24f0a71dc9c173/pdfbox-2.0.21.jar
7f5fddf32000-7f5fddf36000 r--s 0003b000 08:01 1577253                    /home/gilsonalves/.gradle/caches/modules-2/files-2.1/org.apache.pdfbox/pdfbox-debugger/2.0.21/e571ae32cc0842da92b97ec1348d437e9bee4b9b/pdfbox-debugger-2.0.21.jar
7f5fddf36000-7f5fddf38000 r--s 00012000 08:01 1577250                    /home/gilsonalves/.gradle/caches/modules-2/files-2.1/org.apache.pdfbox/pdfbox-tools/2.0.21/b48c96f72ff260445ccd26101e8271bc6000ecd7/pdfbox-tools-2.0.21.jar
7f5fddf38000-7f5fddf43000 r--s 0008f000 08:01 1577183                    /home/gilsonalves/.gradle/caches/modules-2/files-2.1/com.github.jai-imageio/jai-imageio-core/1.4.0/fb6d79b929556362a241b2f65a04e538062f0077/jai-imageio-core-1.4.0.jar
7f5fddf43000-7f5fddf47000 r--s 0016d000 08:01 1577249                    /home/gilsonalves/.gradle/caches/modules-2/files-2.1/net.java.dev.jna/jna/5.6.0/330f2244e9030119ab3030fc3fededc86713d9cc/jna-5.6.0.jar
7f5fddf47000-7f5fddf4d000 r--s 0036d000 08:01 1577248                    /home/gilsonalves/.gradle/caches/modules-2/files-2.1/net.sourceforge.lept4j/lept4j/1.13.1/1ee89a565dd8ddf287f1acd3aa4aecda6f647d49/lept4j-1.13.1.jar
7f5fddf4d000-7f5fddf52000 r--s 00028000 08:01 1577184                    /home/gilsonalves/.gradle/caches/modules-2/files-2.1/org.ghost4j/ghost4j/1.0.1/a026bc023a623b43df336670ceb00eba355bbc81/ghost4j-1.0.1.jar
7f5fddf52000-7f5fddf5a000 r--s 00045000 08:01 1577302                    /home/gilsonalves/.gradle/caches/modules-2/files-2.1/junit/junit/4.12/2973d150c0dc1fefe998f834810d68f278ea58ec/junit-4.12.jar
7f5fddf5a000-7f5fddf5d000 r--s 0085e000 08:01 1577247                    /home/gilsonalves/.gradle/caches/modules-2/files-2.1/net.sourceforge.tess4j/tess4j/4.5.3/bfe654c4c2438f98ed34d0cb7835f375ef4a75d3/tess4j-4.5.3.jar
7f5fddf5d000-7f5fddfc9000 r--s 00689000 08:01 1574410                    /home/gilsonalves/.gradle/caches/modules-2/files-2.1/org.codehaus.groovy/groovy-all/2.3.11/f6b34997d04c1538ce451d3955298f46fdb4dbd4/groovy-all-2.3.11.jar
7f5fddfc9000-7f5fddfd7000 r--s 0008b000 08:01 1574429                    /home/gilsonalves/.gradle/caches/modules-2/files-2.1/org.spockframework/spock-core/1.1-groovy-2.3/7f4e152eebe69a0ef8b680b66a77ea5a368a7f82/spock-core-1.1-groovy-2.3.jar
7f5fddfd7000-7f5fddfdc000 r--s 000a7000 08:01 3671000                    /usr/lib/jvm/java-8-openjdk-amd64/jre/lib/jsse.jar
7f5fddfdc000-7f5fddfe4000 r--s 00045000 08:01 2438779                    /home/gilsonalves/.gradle/wrapper/dists/gradle-6.3-bin/8tpu6egwsccjzp10c1jckl0rx/gradle-6.3/lib/plugins/junit-4.12.jar
7f5fddfe4000-7f5fddfe9000 r--s 00041000 08:01 2438497                    /home/gilsonalves/.gradle/wrapper/dists/gradle-6.3-bin/8tpu6egwsccjzp10c1jckl0rx/gradle-6.3/lib/commons-lang-2.6.jar
7f5fddfe9000-7f5fddfef000 r--s 0004d000 08:01 2438541                    /home/gilsonalves/.gradle/wrapper/dists/gradle-6.3-bin/8tpu6egwsccjzp10c1jckl0rx/gradle-6.3/lib/kryo-2.24.0.jar
7f5fddfef000-7f5fddff4000 r--s 0001b000 08:01 2438543                    /home/gilsonalves/.gradle/wrapper/dists/gradle-6.3-bin/8tpu6egwsccjzp10c1jckl0rx/gradle-6.3/lib/native-platform-0.22-milestone-1.jar
7f5fddff4000-7f5fddff6000 r--s 00000000 08:01 2438484                    /home/gilsonalves/.gradle/wrapper/dists/gradle-6.3-bin/8tpu6egwsccjzp10c1jckl0rx/gradle-6.3/lib/jul-to-slf4j-1.7.28.jar
7f5fddff6000-7f5fddff8000 r--s 00009000 08:01 2438487                    /home/gilsonalves/.gradle/wrapper/dists/gradle-6.3-bin/8tpu6egwsccjzp10c1jckl0rx/gradle-6.3/lib/slf4j-api-1.7.28.jar
7f5fddff8000-7f5fddffa000 r--s 00006000 08:01 2438433                    /home/gilsonalves/.gradle/wrapper/dists/gradle-6.3-bin/8tpu6egwsccjzp10c1jckl0rx/gradle-6.3/lib/gradle-process-services-6.3.jar
7f5fddffa000-7f5fddffd000 r--s 00011000 08:01 2438948                    /home/gilsonalves/.gradle/wrapper/dists/gradle-6.3-bin/8tpu6egwsccjzp10c1jckl0rx/gradle-6.3/lib/plugins/junit-platform-commons-1.3.1.jar
7f5fddffd000-7f5fde000000 r--s 00015000 08:01 2438786                    /home/gilsonalves/.gradle/wrapper/dists/gradle-6.3-bin/8tpu6egwsccjzp10c1jckl0rx/gradle-6.3/lib/plugins/junit-platform-launcher-1.3.1.jar
7f5fde000000-7f5fde004000 r--s 0001d000 08:01 2438927                    /home/gilsonalves/.gradle/wrapper/dists/gradle-6.3-bin/8tpu6egwsccjzp10c1jckl0rx/gradle-6.3/lib/plugins/junit-platform-engine-1.3.1.jar
7f5fde004000-7f5fde005000 r--s 00003000 08:01 2438647                    /home/gilsonalves/.gradle/wrapper/dists/gradle-6.3-bin/8tpu6egwsccjzp10c1jckl0rx/gradle-6.3/lib/plugins/gradle-testing-junit-platform-6.3.jar
7f5fde005000-7f5fde009000 r--s 0001c000 08:01 2438653                    /home/gilsonalves/.gradle/wrapper/dists/gradle-6.3-bin/8tpu6egwsccjzp10c1jckl0rx/gradle-6.3/lib/plugins/gradle-testing-jvm-6.3.jar
7f5fde009000-7f5fde011000 r--s 00034000 08:01 2438663                    /home/gilsonalves/.gradle/wrapper/dists/gradle-6.3-bin/8tpu6egwsccjzp10c1jckl0rx/gradle-6.3/lib/plugins/gradle-testing-base-6.3.jar
7f5fde011000-7f5fde014000 r--s 0000d000 08:01 2438464                    /home/gilsonalves/.gradle/wrapper/dists/gradle-6.3-bin/8tpu6egwsccjzp10c1jckl0rx/gradle-6.3/lib/gradle-native-6.3.jar
7f5fde014000-7f5fde016000 r--s 00005000 08:01 2438472                    /home/gilsonalves/.gradle/wrapper/dists/gradle-6.3-bin/8tpu6egwsccjzp10c1jckl0rx/gradle-6.3/lib/gradle-cli-6.3.jar
7f5fde016000-7f5fde023000 r--s 00063000 08:01 2438470                    /home/gilsonalves/.gradle/wrapper/dists/gradle-6.3-bin/8tpu6egwsccjzp10c1jckl0rx/gradle-6.3/lib/gradle-base-services-6.3.jar
7f5fde023000-7f5fde025000 r--s 00003000 08:01 2438488                    /home/gilsonalves/.gradle/wrapper/dists/gradle-6.3-bin/8tpu6egwsccjzp10c1jckl0rx/gradle-6.3/lib/gradle-hashing-6.3.jar
7f5fde025000-7f5fde027000 r--s 00008000 08:01 2438482                    /home/gilsonalves/.gradle/wrapper/dists/gradle-6.3-bin/8tpu6egwsccjzp10c1jckl0rx/gradle-6.3/lib/gradle-files-6.3.jar
7f5fde027000-7f5fde02e000 r--s 0002f000 08:01 2438459                    /home/gilsonalves/.gradle/wrapper/dists/gradle-6.3-bin/8tpu6egwsccjzp10c1jckl0rx/gradle-6.3/lib/gradle-messaging-6.3.jar
7f5fde02e000-7f5fde037000 r--s 0003d000 08:01 2438426                    /home/gilsonalves/.gradle/wrapper/dists/gradle-6.3-bin/8tpu6egwsccjzp10c1jckl0rx/gradle-6.3/lib/gradle-logging-6.3.jar
7f5fde037000-7f5fde074000 r--s 00211000 08:01 2438400                    /home/gilsonalves/.gradle/wrapper/dists/gradle-6.3-bin/8tpu6egwsccjzp10c1jckl0rx/gradle-6.3/lib/gradle-core-6.3.jar
7f5fde074000-7f5fde083000 r--s 00046000 08:01 2438416                    /home/gilsonalves/.gradle/wrapper/dists/gradle-6.3-bin/8tpu6egwsccjzp10c1jckl0rx/gradle-6.3/lib/gradle-core-api-6.3.jar
7f5fde083000-7f5fde084000 ---p 00000000 00:00 0 
7f5fde084000-7f5fde184000 rw-p 00000000 00:00 0 
7f5fde184000-7f5fde187000 ---p 00000000 00:00 0 
7f5fde187000-7f5fde285000 rw-p 00000000 00:00 0 
7f5fde285000-7f5fde286000 ---p 00000000 00:00 0 
7f5fde286000-7f5fde289000 ---p 00000000 00:00 0 
7f5fde289000-7f5fde386000 rw-p 00000000 00:00 0 
7f5fde386000-7f5fde387000 ---p 00000000 00:00 0 
7f5fde387000-7f5fde38a000 ---p 00000000 00:00 0 
7f5fde38a000-7f5fde487000 rw-p 00000000 00:00 0 
7f5fde487000-7f5fde488000 ---p 00000000 00:00 0 
7f5fde488000-7f5fde48b000 ---p 00000000 00:00 0 
7f5fde48b000-7f5fde588000 rw-p 00000000 00:00 0 
7f5fde588000-7f5fde58b000 ---p 00000000 00:00 0 
7f5fde58b000-7f5fde689000 rw-p 00000000 00:00 0 
7f5fde689000-7f5fde690000 r--s 00000000 08:01 4068959                    /usr/lib/x86_64-linux-gnu/gconv/gconv-modules.cache
7f5fde690000-7f5fde6b6000 r--p 00000000 08:01 4591602                    /usr/share/locale-langpack/pt_BR/LC_MESSAGES/libc.mo
7f5fde6b6000-7f5fde6d1000 r--s 001d6000 08:01 3670984                    /usr/lib/jvm/java-8-openjdk-amd64/jre/lib/ext/nashorn.jar
7f5fde6d1000-7f5fde6d7000 r--s 0003d000 08:01 3670986                    /usr/lib/jvm/java-8-openjdk-amd64/jre/lib/ext/sunjce_provider.jar
7f5fde6d7000-7f5fde6f2000 r--s 00394000 08:01 3670979                    /usr/lib/jvm/java-8-openjdk-amd64/jre/lib/ext/cldrdata.jar
7f5fde6f2000-7f5fde6fc000 r--s 00117000 08:01 3670983                    /usr/lib/jvm/java-8-openjdk-amd64/jre/lib/ext/localedata.jar
7f5fde6fc000-7f5fde72d000 rw-p 00000000 00:00 0 
7f5fde72d000-7f5fde731000 r--p 00000000 08:01 3670960                    /usr/lib/jvm/java-8-openjdk-amd64/jre/lib/amd64/libnet.so
7f5fde731000-7f5fde742000 r-xp 00004000 08:01 3670960                    /usr/lib/jvm/java-8-openjdk-amd64/jre/lib/amd64/libnet.so
7f5fde742000-7f5fde746000 r--p 00015000 08:01 3670960                    /usr/lib/jvm/java-8-openjdk-amd64/jre/lib/amd64/libnet.so
7f5fde746000-7f5fde747000 r--p 00018000 08:01 3670960                    /usr/lib/jvm/java-8-openjdk-amd64/jre/lib/amd64/libnet.so
7f5fde747000-7f5fde748000 rw-p 00019000 08:01 3670960                    /usr/lib/jvm/java-8-openjdk-amd64/jre/lib/amd64/libnet.so
7f5fde748000-7f5fdecba000 r--p 00000000 08:01 3539794                    /usr/lib/locale/locale-archive
7f5fdecba000-7f5fdecbd000 ---p 00000000 00:00 0 
7f5fdecbd000-7f5fdedbb000 rw-p 00000000 00:00 0 
7f5fdedbb000-7f5fdedbe000 ---p 00000000 00:00 0 
7f5fdedbe000-7f5fdeebc000 rw-p 00000000 00:00 0 
7f5fdeebc000-7f5fdeebd000 ---p 00000000 00:00 0 
7f5fdeebd000-7f5fdfe2e000 rw-p 00000000 00:00 0 
7f5fdfe2e000-7f5fe0000000 r--s 03ca8000 08:01 3671005                    /usr/lib/jvm/java-8-openjdk-amd64/jre/lib/rt.jar
7f5fe0000000-7f5fe0021000 rw-p 00000000 00:00 0 
7f5fe0021000-7f5fe4000000 ---p 00000000 00:00 0 
7f5fe4000000-7f5fe5000000 rw-p 00000000 00:00 0 
7f5fe5000000-7f5fe55e0000 rwxp 00000000 00:00 0 
7f5fe55e0000-7f5ff4000000 ---p 00000000 00:00 0 
7f5ff4000000-7f5ff4693000 rw-p 00000000 00:00 0 
7f5ff4693000-7f5ff8000000 ---p 00000000 00:00 0 
7f5ff8000000-7f5ff8002000 r--s 00005000 08:01 2438422                    /home/gilsonalves/.gradle/wrapper/dists/gradle-6.3-bin/8tpu6egwsccjzp10c1jckl0rx/gradle-6.3/lib/gradle-worker-processes-6.3.jar
7f5ff8002000-7f5ff8003000 r--s 00009000 08:01 2809554                    /home/gilsonalves/.gradle/caches/6.3/workerMain/gradle-worker.jar
7f5ff8003000-7f5ff8005000 r--s 00001000 08:01 3670980                    /usr/lib/jvm/java-8-openjdk-amd64/jre/lib/ext/dnsns.jar
7f5ff8005000-7f5ff8009000 r--s 0003a000 08:01 3670987                    /usr/lib/jvm/java-8-openjdk-amd64/jre/lib/ext/sunpkcs11.jar
7f5ff8009000-7f5ff8010000 r--p 00000000 08:01 3670961                    /usr/lib/jvm/java-8-openjdk-amd64/jre/lib/amd64/libnio.so
7f5ff8010000-7f5ff8019000 r-xp 00007000 08:01 3670961                    /usr/lib/jvm/java-8-openjdk-amd64/jre/lib/amd64/libnio.so
7f5ff8019000-7f5ff801c000 r--p 00010000 08:01 3670961                    /usr/lib/jvm/java-8-openjdk-amd64/jre/lib/amd64/libnio.so
7f5ff801c000-7f5ff801d000 r--p 00012000 08:01 3670961                    /usr/lib/jvm/java-8-openjdk-amd64/jre/lib/amd64/libnio.so
7f5ff801d000-7f5ff801e000 rw-p 00013000 08:01 3670961                    /usr/lib/jvm/java-8-openjdk-amd64/jre/lib/amd64/libnio.so
7f5ff801e000-7f5ff8ba8000 rw-p 00000000 00:00 0 
7f5ff8ba8000-7f5ff8ba9000 ---p 00000000 00:00 0 
7f5ff8ba9000-7f5ff8ca9000 rw-p 00000000 00:00 0 
7f5ff8ca9000-7f5ff8caa000 ---p 00000000 00:00 0 
7f5ff8caa000-7f5ff8daa000 rw-p 00000000 00:00 0 
7f5ff8daa000-7f5ff8dab000 ---p 00000000 00:00 0 
7f5ff8dab000-7f5ff8eab000 rw-p 00000000 00:00 0 
7f5ff8eab000-7f5ff8eac000 ---p 00000000 00:00 0 
7f5ff8eac000-7f5ff8fd6000 rw-p 00000000 00:00 0 
7f5ff8fd6000-7f5ff9057000 ---p 00000000 00:00 0 
7f5ff9057000-7f5ff9081000 rw-p 00000000 00:00 0 
7f5ff9081000-7f5ff9101000 ---p 00000000 00:00 0 
7f5ff9101000-7f5ff9126000 rw-p 00000000 00:00 0 
7f5ff9126000-7f5ff9157000 ---p 00000000 00:00 0 
7f5ff9157000-7f5ff9170000 rw-p 00000000 00:00 0 
7f5ff9170000-7f5ff9518000 ---p 00000000 00:00 0 
7f5ff9518000-7f5ff951b000 r--p 00000000 08:01 3540524                    /usr/lib/x86_64-linux-gnu/libnss_files-2.31.so
7f5ff951b000-7f5ff9522000 r-xp 00003000 08:01 3540524                    /usr/lib/x86_64-linux-gnu/libnss_files-2.31.so
7f5ff9522000-7f5ff9524000 r--p 0000a000 08:01 3540524                    /usr/lib/x86_64-linux-gnu/libnss_files-2.31.so
7f5ff9524000-7f5ff9525000 r--p 0000b000 08:01 3540524                    /usr/lib/x86_64-linux-gnu/libnss_files-2.31.so
7f5ff9525000-7f5ff9526000 rw-p 0000c000 08:01 3540524                    /usr/lib/x86_64-linux-gnu/libnss_files-2.31.so
7f5ff9526000-7f5ff952c000 rw-p 00000000 00:00 0 
7f5ff952c000-7f5ff952e000 r--s 0000c000 08:01 4195645                    /usr/share/java/java-atk-wrapper.jar
7f5ff952e000-7f5ff952f000 r--s 0000d000 08:01 3670985                    /usr/lib/jvm/java-8-openjdk-amd64/jre/lib/ext/sunec.jar
7f5ff952f000-7f5ff9530000 r--s 00010000 08:01 3670988                    /usr/lib/jvm/java-8-openjdk-amd64/jre/lib/ext/zipfs.jar
7f5ff9530000-7f5ff9533000 r--s 0000f000 08:01 3670981                    /usr/lib/jvm/java-8-openjdk-amd64/jre/lib/ext/icedtea-sound.jar
7f5ff9533000-7f5ff953d000 rw-p 00000000 00:00 0 
7f5ff953d000-7f5ff9540000 r--p 00000000 08:01 3670968                    /usr/lib/jvm/java-8-openjdk-amd64/jre/lib/amd64/libzip.so
7f5ff9540000-7f5ff9545000 r-xp 00003000 08:01 3670968                    /usr/lib/jvm/java-8-openjdk-amd64/jre/lib/amd64/libzip.so
7f5ff9545000-7f5ff9547000 r--p 00008000 08:01 3670968                    /usr/lib/jvm/java-8-openjdk-amd64/jre/lib/amd64/libzip.so
7f5ff9547000-7f5ff9548000 r--p 00009000 08:01 3670968                    /usr/lib/jvm/java-8-openjdk-amd64/jre/lib/amd64/libzip.so
7f5ff9548000-7f5ff9549000 rw-p 0000a000 08:01 3670968                    /usr/lib/jvm/java-8-openjdk-amd64/jre/lib/amd64/libzip.so
7f5ff9549000-7f5ff9556000 r--p 00000000 08:01 3670944                    /usr/lib/jvm/java-8-openjdk-amd64/jre/lib/amd64/libjava.so
7f5ff9556000-7f5ff956e000 r-xp 0000d000 08:01 3670944                    /usr/lib/jvm/java-8-openjdk-amd64/jre/lib/amd64/libjava.so
7f5ff956e000-7f5ff9575000 r--p 00025000 08:01 3670944                    /usr/lib/jvm/java-8-openjdk-amd64/jre/lib/amd64/libjava.so
7f5ff9575000-7f5ff9576000 r--p 0002b000 08:01 3670944                    /usr/lib/jvm/java-8-openjdk-amd64/jre/lib/amd64/libjava.so
7f5ff9576000-7f5ff9578000 rw-p 0002c000 08:01 3670944                    /usr/lib/jvm/java-8-openjdk-amd64/jre/lib/amd64/libjava.so
7f5ff9578000-7f5ff957b000 r--p 00000000 08:01 3540531                    /usr/lib/x86_64-linux-gnu/librt-2.31.so
7f5ff957b000-7f5ff957f000 r-xp 00003000 08:01 3540531                    /usr/lib/x86_64-linux-gnu/librt-2.31.so
7f5ff957f000-7f5ff9580000 r--p 00007000 08:01 3540531                    /usr/lib/x86_64-linux-gnu/librt-2.31.so
7f5ff9580000-7f5ff9581000 ---p 00008000 08:01 3540531                    /usr/lib/x86_64-linux-gnu/librt-2.31.so
7f5ff9581000-7f5ff9582000 r--p 00008000 08:01 3540531                    /usr/lib/x86_64-linux-gnu/librt-2.31.so
7f5ff9582000-7f5ff9583000 rw-p 00009000 08:01 3540531                    /usr/lib/x86_64-linux-gnu/librt-2.31.so
7f5ff9583000-7f5ff9584000 ---p 00000000 00:00 0 
7f5ff9584000-7f5ff9587000 ---p 00000000 00:00 0 
7f5ff9587000-7f5ff9684000 rw-p 00000000 00:00 0 
7f5ff9684000-7f5ff9687000 r--p 00000000 08:01 3539301                    /usr/lib/x86_64-linux-gnu/libgcc_s.so.1
7f5ff9687000-7f5ff9699000 r-xp 00003000 08:01 3539301                    /usr/lib/x86_64-linux-gnu/libgcc_s.so.1
7f5ff9699000-7f5ff969d000 r--p 00015000 08:01 3539301                    /usr/lib/x86_64-linux-gnu/libgcc_s.so.1
7f5ff969d000-7f5ff969e000 r--p 00018000 08:01 3539301                    /usr/lib/x86_64-linux-gnu/libgcc_s.so.1
7f5ff969e000-7f5ff969f000 rw-p 00019000 08:01 3539301                    /usr/lib/x86_64-linux-gnu/libgcc_s.so.1
7f5ff969f000-7f5ff96ae000 r--p 00000000 08:01 3540517                    /usr/lib/x86_64-linux-gnu/libm-2.31.so
7f5ff96ae000-7f5ff9755000 r-xp 0000f000 08:01 3540517                    /usr/lib/x86_64-linux-gnu/libm-2.31.so
7f5ff9755000-7f5ff97ec000 r--p 000b6000 08:01 3540517                    /usr/lib/x86_64-linux-gnu/libm-2.31.so
7f5ff97ec000-7f5ff97ed000 r--p 0014c000 08:01 3540517                    /usr/lib/x86_64-linux-gnu/libm-2.31.so
7f5ff97ed000-7f5ff97ee000 rw-p 0014d000 08:01 3540517                    /usr/lib/x86_64-linux-gnu/libm-2.31.so
7f5ff97ee000-7f5ff9884000 r--p 00000000 08:01 3549978                    /usr/lib/x86_64-linux-gnu/libstdc++.so.6.0.28
7f5ff9884000-7f5ff9974000 r-xp 00096000 08:01 3549978                    /usr/lib/x86_64-linux-gnu/libstdc++.so.6.0.28
7f5ff9974000-7f5ff99bd000 r--p 00186000 08:01 3549978                    /usr/lib/x86_64-linux-gnu/libstdc++.so.6.0.28
7f5ff99bd000-7f5ff99be000 ---p 001cf000 08:01 3549978                    /usr/lib/x86_64-linux-gnu/libstdc++.so.6.0.28
7f5ff99be000-7f5ff99c9000 r--p 001cf000 08:01 3549978                    /usr/lib/x86_64-linux-gnu/libstdc++.so.6.0.28
7f5ff99c9000-7f5ff99cc000 rw-p 001da000 08:01 3549978                    /usr/lib/x86_64-linux-gnu/libstdc++.so.6.0.28
7f5ff99cc000-7f5ff99cf000 rw-p 00000000 00:00 0 
7f5ff99cf000-7f5ff9bc0000 r--p 00000000 08:01 3670970                    /usr/lib/jvm/java-8-openjdk-amd64/jre/lib/amd64/server/libjvm.so
7f5ff9bc0000-7f5ffa481000 r-xp 001f1000 08:01 3670970                    /usr/lib/jvm/java-8-openjdk-amd64/jre/lib/amd64/server/libjvm.so
7f5ffa481000-7f5ffa620000 r--p 00ab2000 08:01 3670970                    /usr/lib/jvm/java-8-openjdk-amd64/jre/lib/amd64/server/libjvm.so
7f5ffa620000-7f5ffa6b5000 r--p 00c50000 08:01 3670970                    /usr/lib/jvm/java-8-openjdk-amd64/jre/lib/amd64/server/libjvm.so
7f5ffa6b5000-7f5ffa6de000 rw-p 00ce5000 08:01 3670970                    /usr/lib/jvm/java-8-openjdk-amd64/jre/lib/amd64/server/libjvm.so
7f5ffa6de000-7f5ffa710000 rw-p 00000000 00:00 0 
7f5ffa710000-7f5ffa717000 r--p 00000000 08:01 3540529                    /usr/lib/x86_64-linux-gnu/libpthread-2.31.so
7f5ffa717000-7f5ffa728000 r-xp 00007000 08:01 3540529                    /usr/lib/x86_64-linux-gnu/libpthread-2.31.so
7f5ffa728000-7f5ffa72d000 r--p 00018000 08:01 3540529                    /usr/lib/x86_64-linux-gnu/libpthread-2.31.so
7f5ffa72d000-7f5ffa72e000 r--p 0001c000 08:01 3540529                    /usr/lib/x86_64-linux-gnu/libpthread-2.31.so
7f5ffa72e000-7f5ffa72f000 rw-p 0001d000 08:01 3540529                    /usr/lib/x86_64-linux-gnu/libpthread-2.31.so
7f5ffa72f000-7f5ffa733000 rw-p 00000000 00:00 0 
7f5ffa733000-7f5ffa734000 r--p 00000000 08:01 3540516                    /usr/lib/x86_64-linux-gnu/libdl-2.31.so
7f5ffa734000-7f5ffa736000 r-xp 00001000 08:01 3540516                    /usr/lib/x86_64-linux-gnu/libdl-2.31.so
7f5ffa736000-7f5ffa737000 r--p 00003000 08:01 3540516                    /usr/lib/x86_64-linux-gnu/libdl-2.31.so
7f5ffa737000-7f5ffa738000 r--p 00003000 08:01 3540516                    /usr/lib/x86_64-linux-gnu/libdl-2.31.so
7f5ffa738000-7f5ffa739000 rw-p 00004000 08:01 3540516                    /usr/lib/x86_64-linux-gnu/libdl-2.31.so
7f5ffa739000-7f5ffa73b000 r--p 00000000 08:01 3539906                    /usr/lib/x86_64-linux-gnu/libz.so.1.2.11
7f5ffa73b000-7f5ffa74c000 r-xp 00002000 08:01 3539906                    /usr/lib/x86_64-linux-gnu/libz.so.1.2.11
7f5ffa74c000-7f5ffa752000 r--p 00013000 08:01 3539906                    /usr/lib/x86_64-linux-gnu/libz.so.1.2.11
7f5ffa752000-7f5ffa753000 ---p 00019000 08:01 3539906                    /usr/lib/x86_64-linux-gnu/libz.so.1.2.11
7f5ffa753000-7f5ffa754000 r--p 00019000 08:01 3539906                    /usr/lib/x86_64-linux-gnu/libz.so.1.2.11
7f5ffa754000-7f5ffa755000 rw-p 0001a000 08:01 3539906                    /usr/lib/x86_64-linux-gnu/libz.so.1.2.11
7f5ffa755000-7f5ffa77a000 r--p 00000000 08:01 3540515                    /usr/lib/x86_64-linux-gnu/libc-2.31.so
7f5ffa77a000-7f5ffa8f2000 r-xp 00025000 08:01 3540515                    /usr/lib/x86_64-linux-gnu/libc-2.31.so
7f5ffa8f2000-7f5ffa93c000 r--p 0019d000 08:01 3540515                    /usr/lib/x86_64-linux-gnu/libc-2.31.so
7f5ffa93c000-7f5ffa93d000 ---p 001e7000 08:01 3540515                    /usr/lib/x86_64-linux-gnu/libc-2.31.so
7f5ffa93d000-7f5ffa940000 r--p 001e7000 08:01 3540515                    /usr/lib/x86_64-linux-gnu/libc-2.31.so
7f5ffa940000-7f5ffa943000 rw-p 001ea000 08:01 3540515                    /usr/lib/x86_64-linux-gnu/libc-2.31.so
7f5ffa943000-7f5ffa947000 rw-p 00000000 00:00 0 
7f5ffa947000-7f5ffa948000 r--s 0000a000 08:01 3670982                    /usr/lib/jvm/java-8-openjdk-amd64/jre/lib/ext/jaccess.jar
7f5ffa948000-7f5ffa950000 rw-s 00000000 08:01 1577270                    /tmp/hsperfdata_gilsonalves/17952
7f5ffa950000-7f5ffa951000 rw-p 00000000 00:00 0 
7f5ffa951000-7f5ffa956000 r--p 00000000 08:01 3670967                    /usr/lib/jvm/java-8-openjdk-amd64/jre/lib/amd64/libverify.so
7f5ffa956000-7f5ffa95f000 r-xp 00005000 08:01 3670967                    /usr/lib/jvm/java-8-openjdk-amd64/jre/lib/amd64/libverify.so
7f5ffa95f000-7f5ffa961000 r--p 0000e000 08:01 3670967                    /usr/lib/jvm/java-8-openjdk-amd64/jre/lib/amd64/libverify.so
7f5ffa961000-7f5ffa963000 r--p 0000f000 08:01 3670967                    /usr/lib/jvm/java-8-openjdk-amd64/jre/lib/amd64/libverify.so
7f5ffa963000-7f5ffa964000 rw-p 00011000 08:01 3670967                    /usr/lib/jvm/java-8-openjdk-amd64/jre/lib/amd64/libverify.so
7f5ffa964000-7f5ffa967000 r--p 00000000 08:01 3670857                    /usr/lib/jvm/java-8-openjdk-amd64/jre/lib/amd64/jli/libjli.so
7f5ffa967000-7f5ffa971000 r-xp 00003000 08:01 3670857                    /usr/lib/jvm/java-8-openjdk-amd64/jre/lib/amd64/jli/libjli.so
7f5ffa971000-7f5ffa974000 r--p 0000d000 08:01 3670857                    /usr/lib/jvm/java-8-openjdk-amd64/jre/lib/amd64/jli/libjli.so
7f5ffa974000-7f5ffa975000 r--p 0000f000 08:01 3670857                    /usr/lib/jvm/java-8-openjdk-amd64/jre/lib/amd64/jli/libjli.so
7f5ffa975000-7f5ffa976000 rw-p 00010000 08:01 3670857                    /usr/lib/jvm/java-8-openjdk-amd64/jre/lib/amd64/jli/libjli.so
7f5ffa976000-7f5ffa978000 rw-p 00000000 00:00 0 
7f5ffa978000-7f5ffa979000 r--p 00000000 08:01 3540511                    /usr/lib/x86_64-linux-gnu/ld-2.31.so
7f5ffa979000-7f5ffa99c000 r-xp 00001000 08:01 3540511                    /usr/lib/x86_64-linux-gnu/ld-2.31.so
7f5ffa99c000-7f5ffa9a4000 r--p 00024000 08:01 3540511                    /usr/lib/x86_64-linux-gnu/ld-2.31.so
7f5ffa9a4000-7f5ffa9a5000 r--p 00000000 00:00 0 
7f5ffa9a5000-7f5ffa9a6000 r--p 0002c000 08:01 3540511                    /usr/lib/x86_64-linux-gnu/ld-2.31.so
7f5ffa9a6000-7f5ffa9a7000 rw-p 0002d000 08:01 3540511                    /usr/lib/x86_64-linux-gnu/ld-2.31.so
7f5ffa9a7000-7f5ffa9a8000 rw-p 00000000 00:00 0 
7ffc10331000-7ffc10352000 rw-p 00000000 00:00 0                          [stack]
7ffc10390000-7ffc10393000 r--p 00000000 00:00 0                          [vvar]
7ffc10393000-7ffc10394000 r-xp 00000000 00:00 0                          [vdso]
ffffffffff600000-ffffffffff601000 --xp 00000000 00:00 0                  [vsyscall]

VM Arguments:
jvm_args: -Djava.security.manager=worker.org.gradle.process.internal.worker.child.BootstrapSecurityManager -Dorg.gradle.native=false -Xmx512m -Dfile.encoding=UTF-8 -Duser.country=BR -Duser.language=pt -Duser.variant -ea 
java_command: worker.org.gradle.process.internal.worker.GradleWorkerMain 'Gradle Test Executor 32'
java_class_path (initial): /home/gilsonalves/.gradle/caches/6.3/workerMain/gradle-worker.jar
Launcher Type: SUN_STANDARD

Environment Variables:
PATH=/usr/local/sbin:/usr/local/bin:/usr/sbin:/usr/bin:/sbin:/bin:/usr/games:/usr/local/games:/snap/bin
USERNAME=gilsonalves
SHELL=/bin/bash
DISPLAY=:0

Signal Handlers:
SIGSEGV: [libjvm.so+0xa8c6a0], sa_mask[0]=11111111011111111101111111111110, sa_flags=SA_RESTART|SA_SIGINFO
SIGBUS: [libjvm.so+0xa8c6a0], sa_mask[0]=11111111011111111101111111111110, sa_flags=SA_RESTART|SA_SIGINFO
SIGFPE: [libjvm.so+0x8e14c0], sa_mask[0]=11111111011111111101111111111110, sa_flags=SA_RESTART|SA_SIGINFO
SIGPIPE: [libjvm.so+0x8e14c0], sa_mask[0]=11111111011111111101111111111110, sa_flags=SA_RESTART|SA_SIGINFO
SIGXFSZ: [libjvm.so+0x8e14c0], sa_mask[0]=11111111011111111101111111111110, sa_flags=SA_RESTART|SA_SIGINFO
SIGILL: [libjvm.so+0x8e14c0], sa_mask[0]=11111111011111111101111111111110, sa_flags=SA_RESTART|SA_SIGINFO
SIGUSR1: SIG_DFL, sa_mask[0]=00000000000000000000000000000000, sa_flags=none
SIGUSR2: [libjvm.so+0x8e1370], sa_mask[0]=00100000000000000000000000000000, sa_flags=SA_RESTART|SA_SIGINFO
SIGHUP: [libjvm.so+0x8e1740], sa_mask[0]=11111111011111111101111111111110, sa_flags=SA_RESTART|SA_SIGINFO
SIGINT: [libjvm.so+0x8e1740], sa_mask[0]=11111111011111111101111111111110, sa_flags=SA_RESTART|SA_SIGINFO
SIGTERM: [libjvm.so+0x8e1740], sa_mask[0]=11111111011111111101111111111110, sa_flags=SA_RESTART|SA_SIGINFO
SIGQUIT: [libjvm.so+0x8e1740], sa_mask[0]=11111111011111111101111111111110, sa_flags=SA_RESTART|SA_SIGINFO


---------------  S Y S T E M  ---------------

OS:DISTRIB_ID=Ubuntu
DISTRIB_RELEASE=20.04
DISTRIB_CODENAME=focal
DISTRIB_DESCRIPTION="Ubuntu 20.04.1 LTS"

uname:Linux 5.4.0-42-generic #46-Ubuntu SMP Fri Jul 10 00:24:02 UTC 2020 x86_64
libc:glibc 2.31 NPTL 2.31 
rlimit: STACK 8192k, CORE 0k, NPROC 31310, NOFILE 1048576, AS infinity
load average:1,25 0,87 0,63

/proc/meminfo:
MemTotal:        8071832 kB
MemFree:          210388 kB
MemAvailable:    1734608 kB
Buffers:          180628 kB
Cached:          2022252 kB
SwapCached:         3144 kB
Active:          5935672 kB
Inactive:        1430640 kB
Active(anon):    4759928 kB
Inactive(anon):   926444 kB
Active(file):    1175744 kB
Inactive(file):   504196 kB
Unevictable:       71860 kB
Mlocked:              48 kB
SwapTotal:       2097148 kB
SwapFree:        2050812 kB
Dirty:             17508 kB
Writeback:             0 kB
AnonPages:       5233052 kB
Mapped:           641592 kB
Shmem:            522444 kB
KReclaimable:     135424 kB
Slab:             292784 kB
SReclaimable:     135424 kB
SUnreclaim:       157360 kB
KernelStack:       18848 kB
PageTables:        43328 kB
NFS_Unstable:          0 kB
Bounce:                0 kB
WritebackTmp:          0 kB
CommitLimit:     6133064 kB
Committed_AS:   14493556 kB
VmallocTotal:   34359738367 kB
VmallocUsed:       39264 kB
VmallocChunk:          0 kB
Percpu:             3696 kB
HardwareCorrupted:     0 kB
AnonHugePages:         0 kB
ShmemHugePages:        0 kB
ShmemPmdMapped:        0 kB
FileHugePages:         0 kB
FilePmdMapped:         0 kB
CmaTotal:              0 kB
CmaFree:               0 kB
HugePages_Total:       0
HugePages_Free:        0
HugePages_Rsvd:        0
HugePages_Surp:        0
Hugepagesize:       2048 kB
Hugetlb:               0 kB
DirectMap4k:      402240 kB
DirectMap2M:     6856704 kB
DirectMap1G:     2097152 kB

container (cgroup) information:
container_type: cgroupv1
cpu_cpuset_cpus: 0-3
cpu_memory_nodes: 0
active_processor_count: 4
cpu_quota: -1
cpu_period: 100000
cpu_shares: -1
memory_limit_in_bytes: -1
memory_and_swap_limit_in_bytes: -2
memory_soft_limit_in_bytes: -1
memory_usage_in_bytes: 7106215936
memory_max_usage_in_bytes: 7186530304


CPU:total 4 (initial active 4) (2 cores per cpu, 2 threads per core) family 6 model 61 stepping 4, cmov, cx8, fxsr, mmx, sse, sse2, sse3, ssse3, sse4.1, sse4.2, popcnt, avx, avx2, aes, clmul, erms, 3dnowpref, lzcnt, ht, tsc, tscinvbit, bmi1, bmi2, adx

/proc/cpuinfo:
processor	: 0
vendor_id	: GenuineIntel
cpu family	: 6
model		: 61
model name	: Intel(R) Core(TM) i5-5200U CPU @ 2.20GHz
stepping	: 4
microcode	: 0x2f
cpu MHz		: 1953.079
cache size	: 3072 KB
physical id	: 0
siblings	: 4
core id		: 0
cpu cores	: 2
apicid		: 0
initial apicid	: 0
fpu		: yes
fpu_exception	: yes
cpuid level	: 20
wp		: yes
flags		: fpu vme de pse tsc msr pae mce cx8 apic sep mtrr pge mca cmov pat pse36 clflush dts acpi mmx fxsr sse sse2 ss ht tm pbe syscall nx pdpe1gb rdtscp lm constant_tsc arch_perfmon pebs bts rep_good nopl xtopology nonstop_tsc cpuid aperfmperf pni pclmulqdq dtes64 monitor ds_cpl vmx est tm2 ssse3 sdbg fma cx16 xtpr pdcm pcid sse4_1 sse4_2 x2apic movbe popcnt tsc_deadline_timer aes xsave avx f16c rdrand lahf_lm abm 3dnowprefetch cpuid_fault epb invpcid_single pti ssbd ibrs ibpb stibp tpr_shadow vnmi flexpriority ept vpid ept_ad fsgsbase tsc_adjust bmi1 avx2 smep bmi2 erms invpcid rdseed adx smap intel_pt xsaveopt dtherm ida arat pln pts md_clear flush_l1d
bugs		: cpu_meltdown spectre_v1 spectre_v2 spec_store_bypass l1tf mds swapgs itlb_multihit srbds
bogomips	: 4389.94
clflush size	: 64
cache_alignment	: 64
address sizes	: 39 bits physical, 48 bits virtual
power management:

processor	: 1
vendor_id	: GenuineIntel
cpu family	: 6
model		: 61
model name	: Intel(R) Core(TM) i5-5200U CPU @ 2.20GHz
stepping	: 4
microcode	: 0x2f
cpu MHz		: 1641.550
cache size	: 3072 KB
physical id	: 0
siblings	: 4
core id		: 1
cpu cores	: 2
apicid		: 2
initial apicid	: 2
fpu		: yes
fpu_exception	: yes
cpuid level	: 20
wp		: yes
flags		: fpu vme de pse tsc msr pae mce cx8 apic sep mtrr pge mca cmov pat pse36 clflush dts acpi mmx fxsr sse sse2 ss ht tm pbe syscall nx pdpe1gb rdtscp lm constant_tsc arch_perfmon pebs bts rep_good nopl xtopology nonstop_tsc cpuid aperfmperf pni pclmulqdq dtes64 monitor ds_cpl vmx est tm2 ssse3 sdbg fma cx16 xtpr pdcm pcid sse4_1 sse4_2 x2apic movbe popcnt tsc_deadline_timer aes xsave avx f16c rdrand lahf_lm abm 3dnowprefetch cpuid_fault epb invpcid_single pti ssbd ibrs ibpb stibp tpr_shadow vnmi flexpriority ept vpid ept_ad fsgsbase tsc_adjust bmi1 avx2 smep bmi2 erms invpcid rdseed adx smap intel_pt xsaveopt dtherm ida arat pln pts md_clear flush_l1d
bugs		: cpu_meltdown spectre_v1 spectre_v2 spec_store_bypass l1tf mds swapgs itlb_multihit srbds
bogomips	: 4389.94
clflush size	: 64
cache_alignment	: 64
address sizes	: 39 bits physical, 48 bits virtual
power management:

processor	: 2
vendor_id	: GenuineIntel
cpu family	: 6
model		: 61
model name	: Intel(R) Core(TM) i5-5200U CPU @ 2.20GHz
stepping	: 4
microcode	: 0x2f
cpu MHz		: 2014.848
cache size	: 3072 KB
physical id	: 0
siblings	: 4
core id		: 0
cpu cores	: 2
apicid		: 1
initial apicid	: 1
fpu		: yes
fpu_exception	: yes
cpuid level	: 20
wp		: yes
flags		: fpu vme de pse tsc msr pae mce cx8 apic sep mtrr pge mca cmov pat pse36 clflush dts acpi mmx fxsr sse sse2 ss ht tm pbe syscall nx pdpe1gb rdtscp lm constant_tsc arch_perfmon pebs bts rep_good nopl xtopology nonstop_tsc cpuid aperfmperf pni pclmulqdq dtes64 monitor ds_cpl vmx est tm2 ssse3 sdbg fma cx16 xtpr pdcm pcid sse4_1 sse4_2 x2apic movbe popcnt tsc_deadline_timer aes xsave avx f16c rdrand lahf_lm abm 3dnowprefetch cpuid_fault epb invpcid_single pti ssbd ibrs ibpb stibp tpr_shadow vnmi flexpriority ept vpid ept_ad fsgsbase tsc_adjust bmi1 avx2 smep bmi2 erms invpcid rdseed adx smap intel_pt xsaveopt dtherm ida arat pln pts md_clear flush_l1d
bugs		: cpu_meltdown spectre_v1 spectre_v2 spec_store_bypass l1tf mds swapgs itlb_multihit srbds
bogomips	: 4389.94
clflush size	: 64
cache_alignment	: 64
address sizes	: 39 bits physical, 48 bits virtual
power management:

processor	: 3
vendor_id	: GenuineIntel
cpu family	: 6
model		: 61
model name	: Intel(R) Core(TM) i5-5200U CPU @ 2.20GHz
stepping	: 4
microcode	: 0x2f
cpu MHz		: 1872.574
cache size	: 3072 KB
physical id	: 0
siblings	: 4
core id		: 1
cpu cores	: 2
apicid		: 3
initial apicid	: 3
fpu		: yes
fpu_exception	: yes
cpuid level	: 20
wp		: yes
flags		: fpu vme de pse tsc msr pae mce cx8 apic sep mtrr pge mca cmov pat pse36 clflush dts acpi mmx fxsr sse sse2 ss ht tm pbe syscall nx pdpe1gb rdtscp lm constant_tsc arch_perfmon pebs bts rep_good nopl xtopology nonstop_tsc cpuid aperfmperf pni pclmulqdq dtes64 monitor ds_cpl vmx est tm2 ssse3 sdbg fma cx16 xtpr pdcm pcid sse4_1 sse4_2 x2apic movbe popcnt tsc_deadline_timer aes xsave avx f16c rdrand lahf_lm abm 3dnowprefetch cpuid_fault epb invpcid_single pti ssbd ibrs ibpb stibp tpr_shadow vnmi flexpriority ept vpid ept_ad fsgsbase tsc_adjust bmi1 avx2 smep bmi2 erms invpcid rdseed adx smap intel_pt xsaveopt dtherm ida arat pln pts md_clear flush_l1d
bugs		: cpu_meltdown spectre_v1 spectre_v2 spec_store_bypass l1tf mds swapgs itlb_multihit srbds
bogomips	: 4389.94
clflush size	: 64
cache_alignment	: 64
address sizes	: 39 bits physical, 48 bits virtual
power management:



Memory: 4k page, physical 8071832k(210388k free), swap 2097148k(2050812k free)

vm_info: OpenJDK 64-Bit Server VM (25.265-b01) for linux-amd64 JRE (1.8.0_265-8u265-b01-0ubuntu2~20.04-b01), built on Aug  3 2020 01:16:56 by "buildd" with gcc 9.3.0

time: Sun Aug 30 00:55:28 2020
timezone: -03
elapsed time: 1 seconds (0d 0h 0m 1s)

